TN:
SF:src\App.tsx
FN:21,createClient
FN:25,(anonymous_1)
FN:34,(anonymous_2)
FN:43,App
FN:58,Gate
FNF:5
FNH:0
FNDA:0,createClient
FNDA:0,(anonymous_1)
FNDA:0,(anonymous_2)
FNDA:0,App
FNDA:0,Gate
DA:25,0
DA:27,0
DA:29,0
DA:34,0
DA:40,0
DA:44,0
DA:46,0
DA:59,0
DA:61,0
DA:62,0
LF:10
LH:0
BRDA:27,0,0,0
BRDA:27,0,1,0
BRDA:34,1,0,0
BRDA:34,1,1,0
BRDA:61,2,0,0
BRDA:61,2,1,0
BRDA:62,3,0,0
BRDA:62,3,1,0
BRF:8
BRH:0
end_of_record
TN:
SF:src\theme.tsx
FN:12,readStoredTheme
FN:26,apply
FN:33,ThemeProvider
FN:34,(anonymous_3)
FN:36,(anonymous_4)
FN:40,(anonymous_5)
FN:48,useTheme
FNF:7
FNH:6
FNDA:8,readStoredTheme
FNDA:8,apply
FNDA:8,ThemeProvider
FNDA:8,(anonymous_3)
FNDA:8,(anonymous_4)
FNDA:0,(anonymous_5)
FNDA:14,useTheme
DA:5,1
DA:13,8
DA:24,1
DA:27,8
DA:28,8
DA:31,1
DA:34,8
DA:36,8
DA:37,8
DA:40,8
DA:41,0
DA:42,0
DA:45,8
DA:49,14
DA:50,14
DA:51,14
LF:16
LH:14
BRDA:13,0,0,0
BRDA:13,0,1,8
BRDA:50,1,0,0
BRDA:50,1,1,14
BRF:4
BRH:2
end_of_record
TN:
SF:src\vite-env.d.ts
FNF:0
FNH:0
LF:0
LH:0
BRF:0
BRH:0
end_of_record
TN:
SF:src\api\client.ts
FN:25,constructor
FN:42,readCookie
FN:46,(anonymous_2)
FN:51,api
FN:81,download
FN:104,failure
FN:105,(anonymous_6)
FN:115,(anonymous_7)
FN:118,(anonymous_8)
FN:121,(anonymous_9)
FN:123,describe
FN:126,(anonymous_11)
FNF:12
FNH:12
FNDA:16,constructor
FNDA:32,readCookie
FNDA:33,(anonymous_2)
FNDA:78,api
FNDA:3,download
FNDA:9,failure
FNDA:1,(anonymous_6)
FNDA:27,(anonymous_7)
FNDA:2,(anonymous_8)
FNDA:3,(anonymous_9)
FNDA:9,describe
FNDA:2,(anonymous_11)
DA:16,5
DA:27,16
DA:28,16
DA:29,16
DA:31,16
DA:32,16
DA:38,5
DA:39,5
DA:40,5
DA:43,32
DA:46,33
DA:52,78
DA:53,78
DA:54,78
DA:55,32
DA:56,32
DA:60,78
DA:61,78
DA:63,1
DA:66,77
DA:67,5
DA:70,72
DA:72,64
DA:73,62
DA:83,3
DA:84,3
DA:86,0
DA:89,3
DA:90,2
DA:92,1
DA:93,1
DA:94,1
DA:95,1
DA:98,1
DA:99,1
DA:100,1
DA:101,1
DA:105,9
DA:106,9
DA:115,5
DA:116,27
DA:118,5
DA:119,2
DA:121,5
DA:124,9
DA:125,7
DA:126,2
DA:127,1
DA:129,6
LF:49
LH:48
BRDA:44,0,0,32
BRDA:44,0,1,29
BRDA:51,1,0,78
BRDA:52,2,0,78
BRDA:52,2,1,46
BRDA:54,3,0,32
BRDA:54,3,1,46
BRDA:56,4,0,3
BRDA:56,4,1,29
BRDA:66,5,0,5
BRDA:66,5,1,72
BRDA:70,6,0,8
BRDA:70,6,1,64
BRDA:72,7,0,2
BRDA:72,7,1,62
BRDA:72,8,0,64
BRDA:72,8,1,63
BRDA:89,9,0,1
BRDA:89,9,1,2
BRDA:90,10,0,1
BRDA:90,10,1,1
BRDA:110,11,0,2
BRDA:110,11,1,7
BRDA:116,12,0,0
BRDA:116,12,1,27
BRDA:124,13,0,2
BRDA:124,13,1,7
BRDA:125,14,0,1
BRDA:125,14,1,6
BRDA:127,15,0,1
BRDA:127,15,1,0
BRDA:129,16,0,6
BRDA:129,16,1,2
BRDA:129,16,2,1
BRF:34
BRH:32
end_of_record
TN:
SF:src\api\index.ts
FNF:0
FNH:0
LF:0
LH:0
BRF:0
BRH:0
end_of_record
TN:
SF:src\api\queries.ts
FN:42,(anonymous_0)
FN:53,(anonymous_1)
FN:63,auditQuery
FN:82,useApplications
FN:85,(anonymous_4)
FN:90,useProviders
FN:93,(anonymous_6)
FN:97,(anonymous_7)
FN:101,(anonymous_8)
FN:111,useProviderCapabilities
FN:114,(anonymous_10)
FN:119,useProviderCatalog
FN:123,(anonymous_12)
FN:124,(anonymous_13)
FN:129,useCredentials
FN:132,(anonymous_15)
FN:137,useGrants
FN:140,(anonymous_17)
FN:152,useOAuthCallback
FN:155,(anonymous_19)
FN:160,useAudit
FN:166,(anonymous_21)
FN:176,useAuditExport
FN:178,(anonymous_23)
FN:185,useNotifications
FN:188,(anonymous_25)
FN:193,useTraffic
FN:194,(anonymous_27)
FN:200,invalidate
FN:205,useCreateApplication
FN:208,(anonymous_30)
FN:209,(anonymous_31)
FN:213,useUpdateApplication
FN:216,(anonymous_33)
FN:219,(anonymous_34)
FN:223,useRotateApplicationKey
FN:226,(anonymous_36)
FN:227,(anonymous_37)
FN:231,useDeleteApplication
FN:234,(anonymous_39)
FN:235,(anonymous_40)
FN:241,useUpdateProvider
FN:244,(anonymous_42)
FN:245,(anonymous_43)
FN:249,useDeleteProvider
FN:252,(anonymous_45)
FN:253,(anonymous_46)
FN:262,usePingProvider
FN:264,(anonymous_48)
FN:268,usePurgeProviderCache
FN:271,(anonymous_50)
FN:272,(anonymous_51)
FN:276,useCreateCredential
FN:279,(anonymous_53)
FN:280,(anonymous_54)
FN:284,useUpdateCredential
FN:287,(anonymous_56)
FN:290,(anonymous_57)
FN:294,useDeleteCredential
FN:297,(anonymous_59)
FN:298,(anonymous_60)
FN:302,useCreateGrant
FN:305,(anonymous_62)
FN:306,(anonymous_63)
FN:310,useUpdateGrant
FN:313,(anonymous_65)
FN:314,(anonymous_66)
FN:318,useDeleteGrant
FN:321,(anonymous_68)
FN:322,(anonymous_69)
FN:326,useMarkNotificationsRead
FN:329,(anonymous_71)
FN:330,(anonymous_72)
FN:334,useDismissNotification
FN:337,(anonymous_74)
FN:338,(anonymous_75)
FN:342,usePurgeGatewayCache
FN:345,(anonymous_77)
FN:346,(anonymous_78)
FN:359,useSession
FN:362,(anonymous_80)
FN:368,useSignIn
FN:371,(anonymous_82)
FN:372,(anonymous_83)
FN:376,useSignOut
FN:379,(anonymous_85)
FN:385,(anonymous_86)
FN:388,(anonymous_87)
FN:393,useAccounts
FN:396,(anonymous_89)
FN:401,useCreateAccount
FN:404,(anonymous_91)
FN:405,(anonymous_92)
FN:409,useUpdateAccount
FN:412,(anonymous_94)
FN:414,(anonymous_95)
FN:418,useDeleteAccount
FN:421,(anonymous_97)
FN:422,(anonymous_98)
FN:427,useTransferRecords
FN:430,(anonymous_100)
FN:432,(anonymous_101)
FNF:102
FNH:30
FNDA:0,(anonymous_0)
FNDA:0,(anonymous_1)
FNDA:0,auditQuery
FNDA:8,useApplications
FNDA:2,(anonymous_4)
FNDA:127,useProviders
FNDA:8,(anonymous_6)
FNDA:0,(anonymous_7)
FNDA:0,(anonymous_8)
FNDA:161,useProviderCapabilities
FNDA:4,(anonymous_10)
FNDA:0,useProviderCatalog
FNDA:0,(anonymous_12)
FNDA:0,(anonymous_13)
FNDA:127,useCredentials
FNDA:11,(anonymous_15)
FNDA:8,useGrants
FNDA:3,(anonymous_17)
FNDA:0,useOAuthCallback
FNDA:0,(anonymous_19)
FNDA:0,useAudit
FNDA:0,(anonymous_21)
FNDA:0,useAuditExport
FNDA:0,(anonymous_23)
FNDA:0,useNotifications
FNDA:0,(anonymous_25)
FNDA:0,useTraffic
FNDA:0,(anonymous_27)
FNDA:5,invalidate
FNDA:8,useCreateApplication
FNDA:0,(anonymous_30)
FNDA:0,(anonymous_31)
FNDA:8,useUpdateApplication
FNDA:1,(anonymous_33)
FNDA:1,(anonymous_34)
FNDA:8,useRotateApplicationKey
FNDA:0,(anonymous_36)
FNDA:0,(anonymous_37)
FNDA:8,useDeleteApplication
FNDA:0,(anonymous_39)
FNDA:0,(anonymous_40)
FNDA:0,useUpdateProvider
FNDA:0,(anonymous_42)
FNDA:0,(anonymous_43)
FNDA:0,useDeleteProvider
FNDA:0,(anonymous_45)
FNDA:0,(anonymous_46)
FNDA:0,usePingProvider
FNDA:0,(anonymous_48)
FNDA:0,usePurgeProviderCache
FNDA:0,(anonymous_50)
FNDA:0,(anonymous_51)
FNDA:127,useCreateCredential
FNDA:3,(anonymous_53)
FNDA:3,(anonymous_54)
FNDA:0,useUpdateCredential
FNDA:0,(anonymous_56)
FNDA:0,(anonymous_57)
FNDA:0,useDeleteCredential
FNDA:0,(anonymous_59)
FNDA:0,(anonymous_60)
FNDA:8,useCreateGrant
FNDA:1,(anonymous_62)
FNDA:1,(anonymous_63)
FNDA:8,useUpdateGrant
FNDA:0,(anonymous_65)
FNDA:0,(anonymous_66)
FNDA:8,useDeleteGrant
FNDA:0,(anonymous_68)
FNDA:0,(anonymous_69)
FNDA:0,useMarkNotificationsRead
FNDA:0,(anonymous_71)
FNDA:0,(anonymous_72)
FNDA:0,useDismissNotification
FNDA:0,(anonymous_74)
FNDA:0,(anonymous_75)
FNDA:0,usePurgeGatewayCache
FNDA:0,(anonymous_77)
FNDA:0,(anonymous_78)
FNDA:119,useSession
FNDA:7,(anonymous_80)
FNDA:19,useSignIn
FNDA:6,(anonymous_82)
FNDA:1,(anonymous_83)
FNDA:0,useSignOut
FNDA:0,(anonymous_85)
FNDA:0,(anonymous_86)
FNDA:0,(anonymous_87)
FNDA:0,useAccounts
FNDA:0,(anonymous_89)
FNDA:0,useCreateAccount
FNDA:0,(anonymous_91)
FNDA:0,(anonymous_92)
FNDA:0,useUpdateAccount
FNDA:0,(anonymous_94)
FNDA:0,(anonymous_95)
FNDA:0,useDeleteAccount
FNDA:0,(anonymous_97)
FNDA:0,(anonymous_98)
FNDA:0,useTransferRecords
FNDA:0,(anonymous_100)
FNDA:0,(anonymous_101)
DA:34,4
DA:42,0
DA:54,0
DA:64,0
DA:65,0
DA:66,0
DA:67,0
DA:68,0
DA:72,4
DA:80,4
DA:83,8
DA:85,2
DA:91,127
DA:94,8
DA:95,8
DA:96,0
DA:98,0
DA:101,0
DA:112,161
DA:114,4
DA:120,0
DA:121,0
DA:123,0
DA:124,0
DA:130,127
DA:132,11
DA:138,8
DA:140,3
DA:153,0
DA:155,0
DA:161,0
DA:162,0
DA:163,0
DA:164,0
DA:166,0
DA:177,0
DA:179,0
DA:180,0
DA:186,0
DA:188,0
DA:194,0
DA:201,9
DA:202,5
DA:206,8
DA:207,8
DA:208,0
DA:209,0
DA:214,8
DA:215,8
DA:217,1
DA:219,1
DA:224,8
DA:225,8
DA:226,0
DA:227,0
DA:232,8
DA:233,8
DA:234,0
DA:235,0
DA:242,0
DA:243,0
DA:244,0
DA:245,0
DA:250,0
DA:251,0
DA:252,0
DA:253,0
DA:263,0
DA:264,0
DA:269,0
DA:270,0
DA:271,0
DA:272,0
DA:277,127
DA:278,127
DA:279,3
DA:280,3
DA:285,0
DA:286,0
DA:288,0
DA:290,0
DA:295,0
DA:296,0
DA:297,0
DA:298,0
DA:303,8
DA:304,8
DA:305,1
DA:306,1
DA:311,8
DA:312,8
DA:313,0
DA:314,0
DA:319,8
DA:320,8
DA:321,0
DA:322,0
DA:327,0
DA:328,0
DA:329,0
DA:330,0
DA:335,0
DA:336,0
DA:337,0
DA:338,0
DA:343,0
DA:344,0
DA:345,0
DA:346,0
DA:360,119
DA:362,7
DA:369,19
DA:370,19
DA:371,6
DA:372,1
DA:377,0
DA:378,0
DA:379,0
DA:386,0
DA:387,0
DA:388,0
DA:394,0
DA:396,0
DA:402,0
DA:403,0
DA:404,0
DA:405,0
DA:410,0
DA:411,0
DA:412,0
DA:414,0
DA:419,0
DA:420,0
DA:421,0
DA:422,0
DA:428,0
DA:429,0
DA:431,0
DA:433,0
LF:139
LH:44
BRDA:54,0,0,0
BRDA:54,0,1,0
BRDA:54,1,0,0
BRDA:54,1,1,0
BRDA:54,2,0,0
BRDA:54,2,1,0
BRDA:65,3,0,0
BRDA:65,3,1,0
BRDA:66,4,0,0
BRDA:66,4,1,0
BRDA:67,5,0,0
BRDA:67,5,1,0
BRDA:95,6,0,8
BRDA:95,6,1,0
BRDA:119,7,0,0
BRDA:160,8,0,0
BRF:16
BRH:1
end_of_record
TN:
SF:src\app\Console.tsx
FN:27,(anonymous_0)
FN:28,(anonymous_1)
FN:30,(anonymous_2)
FN:31,(anonymous_3)
FN:33,(anonymous_4)
FN:33,(anonymous_5)
FN:34,(anonymous_6)
FN:35,(anonymous_7)
FN:37,(anonymous_8)
FN:38,(anonymous_9)
FN:40,(anonymous_10)
FN:40,(anonymous_11)
FN:41,(anonymous_12)
FN:41,(anonymous_13)
FN:42,(anonymous_14)
FN:43,(anonymous_15)
FN:46,Console
FN:64,(anonymous_17)
FN:70,(anonymous_18)
FN:82,(anonymous_19)
FN:85,(anonymous_20)
FN:86,(anonymous_21)
FN:112,(anonymous_22)
FN:123,(anonymous_23)
FN:127,(anonymous_24)
FN:132,(anonymous_25)
FN:135,(anonymous_26)
FN:156,(anonymous_27)
FN:161,(anonymous_28)
FN:164,(anonymous_29)
FN:182,(anonymous_30)
FN:185,(anonymous_31)
FN:190,(anonymous_32)
FNF:33
FNH:0
FNDA:0,(anonymous_0)
FNDA:0,(anonymous_1)
FNDA:0,(anonymous_2)
FNDA:0,(anonymous_3)
FNDA:0,(anonymous_4)
FNDA:0,(anonymous_5)
FNDA:0,(anonymous_6)
FNDA:0,(anonymous_7)
FNDA:0,(anonymous_8)
FNDA:0,(anonymous_9)
FNDA:0,(anonymous_10)
FNDA:0,(anonymous_11)
FNDA:0,(anonymous_12)
FNDA:0,(anonymous_13)
FNDA:0,(anonymous_14)
FNDA:0,(anonymous_15)
FNDA:0,Console
FNDA:0,(anonymous_17)
FNDA:0,(anonymous_18)
FNDA:0,(anonymous_19)
FNDA:0,(anonymous_20)
FNDA:0,(anonymous_21)
FNDA:0,(anonymous_22)
FNDA:0,(anonymous_23)
FNDA:0,(anonymous_24)
FNDA:0,(anonymous_25)
FNDA:0,(anonymous_26)
FNDA:0,(anonymous_27)
FNDA:0,(anonymous_28)
FNDA:0,(anonymous_29)
FNDA:0,(anonymous_30)
FNDA:0,(anonymous_31)
FNDA:0,(anonymous_32)
DA:27,0
DA:28,0
DA:30,0
DA:31,0
DA:33,0
DA:34,0
DA:35,0
DA:37,0
DA:38,0
DA:40,0
DA:41,0
DA:42,0
DA:43,0
DA:47,0
DA:48,0
DA:49,0
DA:50,0
DA:51,0
DA:53,0
DA:54,0
DA:58,0
DA:59,0
DA:60,0
DA:62,0
DA:64,0
DA:65,0
DA:70,0
DA:72,0
DA:73,0
DA:78,0
DA:83,0
DA:85,0
DA:86,0
DA:96,0
DA:112,0
DA:123,0
DA:127,0
DA:132,0
DA:135,0
DA:156,0
DA:161,0
DA:164,0
DA:182,0
DA:186,0
DA:187,0
DA:191,0
DA:192,0
LF:47
LH:0
BRDA:62,0,0,0
BRDA:62,0,1,0
BRDA:112,1,0,0
BRDA:112,1,1,0
BRDA:112,1,2,0
BRDA:117,2,0,0
BRDA:117,2,1,0
BRDA:139,3,0,0
BRDA:139,3,1,0
BRDA:151,4,0,0
BRDA:151,4,1,0
BRDA:152,5,0,0
BRDA:152,5,1,0
BRDA:169,6,0,0
BRDA:169,6,1,0
BRDA:170,7,0,0
BRDA:170,7,1,0
BRDA:171,8,0,0
BRDA:171,8,1,0
BRDA:172,9,0,0
BRDA:172,9,1,0
BRDA:173,10,0,0
BRDA:173,10,1,0
BRDA:174,11,0,0
BRDA:174,11,1,0
BRDA:179,12,0,0
BRDA:179,12,1,0
BRF:27
BRH:0
end_of_record
TN:
SF:src\app\Navigation.tsx
FN:86,Nav
FN:107,(anonymous_1)
FN:119,(anonymous_2)
FN:123,(anonymous_3)
FN:132,(anonymous_4)
FN:179,Sidebar
FN:188,NavDrawer
FN:193,(anonymous_7)
FN:195,(anonymous_8)
FN:201,(anonymous_9)
FN:211,(anonymous_10)
FNF:11
FNH:0
FNDA:0,Nav
FNDA:0,(anonymous_1)
FNDA:0,(anonymous_2)
FNDA:0,(anonymous_3)
FNDA:0,(anonymous_4)
FNDA:0,Sidebar
FNDA:0,NavDrawer
FNDA:0,(anonymous_7)
FNDA:0,(anonymous_8)
FNDA:0,(anonymous_9)
FNDA:0,(anonymous_10)
DA:37,0
DA:72,0
DA:87,0
DA:88,0
DA:90,0
DA:92,0
DA:107,0
DA:120,0
DA:124,0
DA:125,0
DA:132,0
DA:180,0
DA:189,0
DA:190,0
DA:191,0
DA:193,0
DA:194,0
DA:195,0
DA:196,0
DA:198,0
DA:199,0
DA:200,0
DA:201,0
DA:202,0
DA:203,0
DA:204,0
DA:208,0
DA:212,0
LF:28
LH:0
BRDA:88,0,0,0
BRDA:88,0,1,0
BRDA:109,1,0,0
BRDA:109,1,1,0
BRDA:132,2,0,0
BRDA:132,2,1,0
BRDA:135,3,0,0
BRDA:135,3,1,0
BRDA:157,4,0,0
BRDA:157,4,1,0
BRDA:158,5,0,0
BRDA:158,5,1,0
BRDA:161,6,0,0
BRDA:161,6,1,0
BRDA:196,7,0,0
BRDA:196,7,1,0
BRDA:212,8,0,0
BRDA:212,8,1,0
BRF:18
BRH:0
end_of_record
TN:
SF:src\app\SettingsMenu.tsx
FN:9,SettingsMenu
FN:16,(anonymous_1)
FN:31,(anonymous_2)
FN:31,(anonymous_3)
FN:44,(anonymous_4)
FN:47,(anonymous_5)
FN:58,(anonymous_6)
FN:61,(anonymous_7)
FNF:8
FNH:1
FNDA:14,SettingsMenu
FNDA:0,(anonymous_1)
FNDA:0,(anonymous_2)
FNDA:0,(anonymous_3)
FNDA:0,(anonymous_4)
FNDA:0,(anonymous_5)
FNDA:0,(anonymous_6)
FNDA:0,(anonymous_7)
DA:10,14
DA:11,14
DA:12,14
DA:13,14
DA:14,14
DA:16,14
DA:18,14
DA:23,14
DA:31,0
DA:45,0
DA:47,0
DA:59,0
DA:61,0
LF:13
LH:8
BRDA:36,0,0,14
BRDA:36,0,1,0
BRDA:49,1,0,0
BRDA:49,1,1,0
BRDA:64,2,0,0
BRDA:64,2,1,0
BRDA:68,3,0,0
BRDA:68,3,1,0
BRF:8
BRH:1
end_of_record
TN:
SF:src\app\SignIn.tsx
FN:16,SignIn
FN:22,submit
FNF:2
FNH:2
FNDA:19,SignIn
FNDA:6,submit
DA:17,19
DA:18,19
DA:19,19
DA:20,19
DA:23,6
DA:24,6
DA:25,6
DA:26,6
DA:27,6
DA:33,5
DA:37,19
LF:11
LH:11
BRDA:28,0,0,6
BRDA:28,0,1,0
BRDA:29,1,0,6
BRDA:29,1,1,0
BRDA:33,2,0,1
BRDA:33,2,1,4
BRDA:61,3,0,19
BRDA:61,3,1,10
BRDA:67,4,0,0
BRDA:67,4,1,19
BRF:10
BRH:7
end_of_record
TN:
SF:src\app\routes.ts
FN:59,toPath
FN:65,parsePath
FN:88,subscribe
FN:91,(anonymous_3)
FN:98,(anonymous_4)
FN:100,useLocation
FN:101,(anonymous_6)
FN:103,(anonymous_7)
FNF:8
FNH:5
FNDA:0,toPath
FNDA:8,parsePath
FNDA:1,subscribe
FNDA:1,(anonymous_3)
FNDA:17,(anonymous_4)
FNDA:8,useLocation
FNDA:0,(anonymous_6)
FNDA:0,(anonymous_7)
DA:27,1
DA:38,1
DA:48,1
DA:60,0
DA:61,0
DA:66,8
DA:67,8
DA:69,8
DA:70,8
DA:71,8
DA:72,8
DA:73,0
DA:75,8
DA:76,0
DA:77,0
DA:81,8
DA:86,1
DA:89,1
DA:90,1
DA:91,1
DA:92,1
DA:93,1
DA:98,17
DA:101,8
DA:103,8
DA:104,0
DA:105,0
DA:106,0
DA:108,0
DA:111,8
LF:30
LH:21
BRDA:60,0,0,0
BRDA:60,0,1,0
BRDA:60,1,0,0
BRDA:60,1,1,0
BRDA:67,2,0,0
BRDA:67,2,1,8
BRDA:69,3,0,0
BRDA:69,3,1,8
BRDA:70,4,0,0
BRDA:70,4,1,8
BRDA:71,5,0,0
BRDA:71,5,1,8
BRDA:72,6,0,0
BRDA:72,6,1,8
BRDA:73,7,0,0
BRDA:73,7,1,0
BRDA:75,8,0,0
BRDA:75,8,1,8
BRDA:77,9,0,0
BRDA:77,9,1,0
BRDA:77,10,0,0
BRDA:77,10,1,0
BRDA:105,11,0,0
BRDA:105,11,1,0
BRDA:106,12,0,0
BRDA:106,12,1,0
BRF:26
BRH:6
end_of_record
TN:
SF:src\components\Actions.tsx
FN:17,CopyButton
FN:25,(anonymous_1)
FN:39,CopyField
FN:62,useAnchoredPanel
FN:77,(anonymous_4)
FN:80,(anonymous_5)
FN:94,(anonymous_6)
FN:110,ConfirmAction
FN:141,(anonymous_8)
FN:153,(anonymous_9)
FN:154,(anonymous_10)
FN:169,DeleteAction
FN:224,RowMenu
FN:234,(anonymous_13)
FN:238,(anonymous_14)
FN:251,roam
FN:270,(anonymous_16)
FN:270,(anonymous_17)
FN:283,(anonymous_18)
FN:291,(anonymous_19)
FN:299,(anonymous_20)
FN:323,(anonymous_21)
FN:324,(anonymous_22)
FN:325,(anonymous_23)
FNF:24
FNH:21
FNDA:11,CopyButton
FNDA:0,(anonymous_1)
FNDA:11,CopyField
FNDA:30,useAnchoredPanel
FNDA:18,(anonymous_4)
FNDA:6,(anonymous_5)
FNDA:6,(anonymous_6)
FNDA:10,ConfirmAction
FNDA:3,(anonymous_8)
FNDA:0,(anonymous_9)
FNDA:2,(anonymous_10)
FNDA:0,DeleteAction
FNDA:30,RowMenu
FNDA:1,(anonymous_13)
FNDA:18,(anonymous_14)
FNDA:1,roam
FNDA:6,(anonymous_16)
FNDA:6,(anonymous_17)
FNDA:14,(anonymous_18)
FNDA:18,(anonymous_19)
FNDA:4,(anonymous_20)
FNDA:2,(anonymous_21)
FNDA:1,(anonymous_22)
FNDA:1,(anonymous_23)
DA:18,11
DA:19,11
DA:20,11
DA:25,0
DA:40,11
DA:41,11
DA:71,30
DA:72,30
DA:73,30
DA:75,30
DA:77,30
DA:78,18
DA:80,6
DA:81,6
DA:82,6
DA:83,6
DA:84,6
DA:85,6
DA:86,6
DA:87,6
DA:88,6
DA:91,6
DA:92,6
DA:93,6
DA:94,6
DA:95,6
DA:96,6
DA:100,30
DA:131,10
DA:132,10
DA:134,10
DA:141,3
DA:153,0
DA:155,2
DA:156,2
DA:157,2
DA:159,2
DA:160,2
DA:178,0
DA:179,0
DA:225,30
DA:226,30
DA:227,30
DA:228,30
DA:229,30
DA:231,30
DA:234,1
DA:238,30
DA:239,18
DA:242,30
DA:244,29
DA:245,29
DA:246,46
DA:247,46
DA:248,32
DA:252,1
DA:253,0
DA:254,0
DA:255,1
DA:256,0
DA:257,0
DA:258,1
DA:261,29
DA:270,6
DA:284,14
DA:292,18
DA:300,4
DA:301,4
DA:302,2
DA:323,2
DA:324,1
DA:326,1
DA:327,1
DA:328,1
DA:330,1
DA:331,1
LF:76
LH:68
BRDA:24,0,0,11
BRDA:24,0,1,0
BRDA:27,1,0,0
BRDA:27,1,1,11
BRDA:29,2,0,0
BRDA:29,2,1,11
BRDA:39,3,0,11
BRDA:40,4,0,3
BRDA:40,4,1,8
BRDA:78,5,0,12
BRDA:78,5,1,6
BRDA:82,6,0,0
BRDA:82,6,1,6
BRDA:85,7,0,6
BRDA:85,7,1,0
BRDA:87,8,0,6
BRDA:87,8,1,0
BRDA:116,9,0,10
BRDA:117,10,0,10
BRDA:137,11,0,0
BRDA:137,11,1,10
BRDA:145,12,0,10
BRDA:145,12,1,5
BRDA:147,13,0,5
BRDA:147,13,1,0
BRDA:239,14,0,6
BRDA:239,14,1,12
BRDA:242,15,0,1
BRDA:242,15,1,29
BRDA:247,16,0,14
BRDA:247,16,1,32
BRDA:247,17,0,46
BRDA:247,17,1,17
BRDA:252,18,0,1
BRDA:252,18,1,0
BRDA:252,19,0,1
BRDA:252,19,1,1
BRDA:254,20,0,0
BRDA:254,20,1,0
BRDA:255,21,0,0
BRDA:255,21,1,1
BRDA:257,22,0,0
BRDA:257,22,1,0
BRDA:268,23,0,12
BRDA:268,23,1,17
BRDA:274,24,0,30
BRDA:274,24,1,12
BRDA:288,25,0,2
BRDA:288,25,1,12
BRDA:290,26,0,14
BRDA:290,26,1,4
BRDA:295,27,0,6
BRDA:295,27,1,12
BRDA:297,28,0,8
BRDA:297,28,1,10
BRDA:301,29,0,2
BRDA:301,29,1,2
BRDA:285,30,0,14
BRDA:285,30,1,10
BRDA:314,31,0,30
BRDA:314,31,1,3
BRDA:318,32,0,3
BRDA:318,32,1,1
BRDA:319,33,0,3
BRDA:319,33,1,3
BRF:65
BRH:51
end_of_record
TN:
SF:src\components\Brand.tsx
FN:11,Mark
FN:24,Wordmark
FN:59,HomeLink
FNF:3
FNH:3
FNDA:292,Mark
FNDA:292,Wordmark
FNDA:278,HomeLink
DA:12,292
DA:33,292
DA:68,278
DA:69,278
LF:4
LH:4
BRDA:11,0,0,292
BRDA:11,1,0,292
BRDA:14,2,0,292
BRDA:14,2,1,0
BRDA:26,3,0,292
BRDA:27,4,0,292
BRDA:38,5,0,0
BRDA:38,5,1,292
BRDA:43,6,0,292
BRDA:43,6,1,0
BRDA:62,7,0,278
BRF:11
BRH:8
end_of_record
TN:
SF:src\components\DataTable.tsx
FN:30,DataTable
FN:55,(anonymous_1)
FN:79,(anonymous_2)
FN:81,(anonymous_3)
FN:110,(anonymous_4)
FN:111,(anonymous_5)
FN:112,(anonymous_6)
FN:116,(anonymous_7)
FN:121,(anonymous_8)
FN:129,(anonymous_9)
FN:155,RecordCell
FNF:11
FNH:8
FNDA:5,DataTable
FNDA:0,(anonymous_1)
FNDA:0,(anonymous_2)
FNDA:0,(anonymous_3)
FNDA:5,(anonymous_4)
FNDA:20,(anonymous_5)
FNDA:20,(anonymous_6)
FNDA:5,(anonymous_7)
FNDA:5,(anonymous_8)
FNDA:10,(anonymous_9)
FNDA:5,RecordCell
DA:41,5
DA:42,5
DA:44,5
DA:45,0
DA:56,0
DA:80,0
DA:82,0
DA:110,5
DA:111,20
DA:112,20
DA:114,5
DA:117,5
DA:122,5
DA:130,10
DA:156,5
LF:15
LH:11
BRDA:44,0,0,0
BRDA:44,0,1,5
BRDA:59,1,0,0
BRDA:59,1,1,0
BRDA:60,2,0,0
BRDA:60,2,1,0
BRDA:66,3,0,0
BRDA:66,3,1,0
BRDA:89,4,0,0
BRDA:89,4,1,0
BRDA:90,5,0,0
BRDA:90,5,1,0
BRDA:91,6,0,0
BRDA:91,6,1,0
BRDA:96,7,0,0
BRDA:96,7,1,0
BRDA:110,8,0,5
BRDA:110,8,1,0
BRDA:112,9,0,20
BRDA:112,9,1,15
BRDA:127,10,0,5
BRDA:127,10,1,5
BRDA:139,11,0,5
BRDA:139,11,1,5
BRDA:160,12,0,5
BRDA:160,12,1,0
BRDA:161,13,0,5
BRDA:161,13,1,0
BRF:28
BRH:10
end_of_record
TN:
SF:src\components\Form.tsx
FN:6,FormLayout
FN:23,(anonymous_1)
FN:49,Field
FN:74,SearchField
FN:92,(anonymous_4)
FN:107,TextAreaField
FN:127,SelectField
FN:140,(anonymous_7)
FN:162,ChoiceField
FN:182,(anonymous_9)
FN:196,(anonymous_10)
FN:212,CheckField
FNF:12
FNH:8
FNDA:4,FormLayout
FNDA:1,(anonymous_1)
FNDA:527,Field
FNDA:5,SearchField
FNDA:0,(anonymous_4)
FNDA:87,TextAreaField
FNDA:0,SelectField
FNDA:0,(anonymous_7)
FNDA:29,ChoiceField
FNDA:203,(anonymous_9)
FNDA:0,(anonymous_10)
FNDA:61,CheckField
DA:19,4
DA:20,4
DA:21,4
DA:24,1
DA:25,1
DA:26,1
DA:27,1
DA:29,1
DA:55,527
DA:56,527
DA:85,5
DA:92,0
DA:113,87
DA:114,87
DA:133,0
DA:134,0
DA:141,0
DA:142,0
DA:143,0
DA:175,29
DA:176,29
DA:183,203
DA:184,203
DA:196,0
DA:217,61
DA:218,61
LF:26
LH:19
BRDA:9,0,0,4
BRDA:35,1,0,4
BRDA:35,1,1,0
BRDA:41,2,0,4
BRDA:41,2,1,3
BRDA:42,3,0,1
BRDA:42,3,1,3
BRDA:61,4,0,159
BRDA:61,4,1,368
BRDA:62,5,0,527
BRDA:62,5,1,312
BRDA:119,6,0,87
BRDA:119,6,1,0
BRDA:120,7,0,87
BRDA:120,7,1,87
BRDA:141,8,0,0
BRDA:141,8,1,0
BRDA:142,9,0,0
BRDA:142,9,1,0
BRDA:150,10,0,0
BRDA:150,10,1,0
BRDA:188,11,0,29
BRDA:188,11,1,174
BRDA:201,12,0,203
BRDA:201,12,1,203
BRDA:225,13,0,61
BRDA:225,13,1,61
BRF:27
BRH:19
end_of_record
TN:
SF:src\components\Overlay.tsx
FN:11,useDismissable
FN:12,(anonymous_1)
FN:14,(anonymous_2)
FN:20,(anonymous_3)
FN:35,Sheet
FN:56,(anonymous_5)
FN:59,(anonymous_6)
FN:94,SidePanel
FN:115,(anonymous_8)
FN:164,ConfirmDialog
FN:197,(anonymous_10)
FN:200,(anonymous_11)
FN:204,(anonymous_12)
FN:206,(anonymous_13)
FN:214,(anonymous_14)
FN:221,(anonymous_15)
FN:228,(anonymous_16)
FN:276,KeyIssued
FN:283,(anonymous_18)
FN:288,(anonymous_19)
FN:291,(anonymous_20)
FN:314,(anonymous_21)
FNF:22
FNH:16
FNDA:3,useDismissable
FNDA:3,(anonymous_1)
FNDA:0,(anonymous_2)
FNDA:3,(anonymous_3)
FNDA:278,Sheet
FNDA:11,(anonymous_5)
FNDA:11,(anonymous_6)
FNDA:3,SidePanel
FNDA:2,(anonymous_8)
FNDA:8,ConfirmDialog
FNDA:1,(anonymous_10)
FNDA:5,(anonymous_11)
FNDA:5,(anonymous_12)
FNDA:1,(anonymous_13)
FNDA:5,(anonymous_14)
FNDA:5,(anonymous_15)
FNDA:4,(anonymous_16)
FNDA:0,KeyIssued
FNDA:0,(anonymous_18)
FNDA:0,(anonymous_19)
FNDA:0,(anonymous_20)
FNDA:0,(anonymous_21)
DA:12,3
DA:13,3
DA:14,3
DA:15,0
DA:17,3
DA:18,3
DA:19,3
DA:20,3
DA:21,3
DA:22,3
DA:23,3
DA:53,278
DA:54,278
DA:56,278
DA:57,11
DA:58,11
DA:59,11
DA:60,11
DA:61,11
DA:65,278
DA:105,3
DA:106,3
DA:107,3
DA:108,3
DA:109,3
DA:110,3
DA:112,3
DA:116,2
DA:186,8
DA:187,8
DA:188,8
DA:189,8
DA:190,8
DA:191,8
DA:192,8
DA:197,8
DA:198,1
DA:200,8
DA:201,5
DA:204,8
DA:205,5
DA:206,5
DA:207,1
DA:209,5
DA:212,5
DA:213,5
DA:214,5
DA:215,5
DA:216,5
DA:217,5
DA:221,8
DA:222,5
DA:225,8
DA:229,4
DA:277,0
DA:278,0
DA:279,0
DA:280,0
DA:281,0
DA:282,0
DA:283,0
DA:288,0
DA:289,0
DA:290,0
DA:291,0
DA:292,0
DA:296,0
DA:314,0
LF:68
LH:53
BRDA:15,0,0,0
BRDA:15,0,1,0
BRDA:19,1,0,3
BRDA:19,1,1,0
BRDA:75,2,0,278
BRDA:75,2,1,0
BRDA:84,3,0,278
BRDA:84,3,1,278
BRDA:116,4,0,0
BRDA:116,4,1,2
BRDA:131,5,0,3
BRDA:131,5,1,3
BRDA:143,6,0,3
BRDA:143,6,1,3
BRDA:169,7,0,8
BRDA:198,8,0,0
BRDA:198,8,1,1
BRDA:201,9,0,5
BRDA:201,9,1,3
BRDA:207,10,0,1
BRDA:207,10,1,0
BRDA:222,11,0,5
BRDA:222,11,1,0
BRDA:229,12,0,0
BRDA:229,12,1,4
BRDA:229,13,0,4
BRDA:229,13,1,0
BRDA:243,14,0,8
BRDA:243,14,1,0
BRDA:263,15,0,8
BRDA:263,15,1,0
BRDA:267,16,0,3
BRDA:267,16,1,5
BRDA:315,17,0,0
BRDA:315,17,1,0
BRDA:316,18,0,0
BRDA:316,18,1,0
BRF:37
BRH:21
end_of_record
TN:
SF:src\components\Page.tsx
FN:18,PageHead
FN:59,SectionHead
FN:72,Block
FN:97,Notice
FN:115,Blank
FN:119,Empty
FN:142,PageSkeleton
FN:161,SkeletonRows
FN:165,(anonymous_8)
FN:167,(anonymous_9)
FNF:10
FNH:4
FNDA:6,PageHead
FNDA:0,SectionHead
FNDA:0,Block
FNDA:0,Notice
FNDA:0,Blank
FNDA:0,Empty
FNDA:0,PageSkeleton
FNDA:1,SkeletonRows
FNDA:5,(anonymous_8)
FNDA:10,(anonymous_9)
DA:32,6
DA:60,0
DA:83,0
DA:98,0
DA:99,0
DA:116,0
DA:120,0
DA:143,0
DA:162,1
DA:163,1
DA:166,5
DA:168,10
LF:12
LH:5
BRDA:35,0,0,0
BRDA:35,0,1,6
BRDA:53,1,0,6
BRDA:53,1,1,6
BRDA:88,2,0,0
BRDA:88,2,1,0
BRDA:90,3,0,0
BRDA:90,3,1,0
BRDA:97,4,0,0
BRDA:98,5,0,0
BRDA:98,5,1,0
BRDA:124,6,0,0
BRDA:124,6,1,0
BRDA:142,7,0,0
BRDA:142,8,0,0
BRDA:161,9,0,1
BRDA:161,10,0,1
BRDA:167,11,0,0
BRDA:167,11,1,5
BRDA:168,12,0,5
BRDA:168,12,1,5
BRDA:170,13,0,10
BRDA:170,13,1,5
BRF:23
BRH:10
end_of_record
TN:
SF:src\components\Pager.tsx
FN:11,Pager
FN:48,(anonymous_1)
FN:54,(anonymous_2)
FNF:3
FNH:1
FNDA:5,Pager
FNDA:0,(anonymous_1)
FNDA:0,(anonymous_2)
DA:32,5
DA:33,5
DA:34,0
DA:48,0
DA:54,0
LF:5
LH:2
BRDA:18,0,0,5
BRDA:33,1,0,5
BRDA:33,1,1,0
BRDA:48,2,0,0
BRDA:48,2,1,0
BRDA:49,3,0,5
BRDA:49,3,1,0
BRDA:53,4,0,5
BRDA:53,4,1,0
BRDA:56,5,0,5
BRDA:56,5,1,0
BRF:11
BRH:5
end_of_record
TN:
SF:src\components\Status.tsx
FN:7,EnabledState
FN:22,LiveState
FN:54,PingState
FN:105,ExpiryState
FN:127,Outcome
FN:133,Data
FNF:6
FNH:1
FNDA:5,EnabledState
FNDA:0,LiveState
FNDA:0,PingState
FNDA:0,ExpiryState
FNDA:0,Outcome
FNDA:0,Data
DA:8,5
DA:9,5
DA:23,0
DA:24,0
DA:29,0
DA:38,4
DA:64,0
DA:65,0
DA:66,0
DA:67,0
DA:69,0
DA:70,0
DA:76,0
DA:86,4
DA:92,4
DA:106,0
DA:107,0
DA:109,0
DA:110,0
DA:111,0
DA:112,0
DA:114,0
DA:125,4
DA:128,0
DA:129,0
DA:134,0
LF:26
LH:6
BRDA:11,0,0,5
BRDA:11,0,1,0
BRDA:12,1,0,5
BRDA:12,1,1,0
BRDA:24,2,0,0
BRDA:24,2,1,0
BRDA:26,3,0,0
BRDA:26,3,1,0
BRDA:65,4,0,0
BRDA:65,4,1,0
BRDA:66,5,0,0
BRDA:66,5,1,0
BRDA:67,6,0,0
BRDA:67,6,1,0
BRDA:69,7,0,0
BRDA:69,7,1,0
BRDA:70,8,0,0
BRDA:70,8,1,0
BRDA:71,9,0,0
BRDA:71,9,1,0
BRDA:80,10,0,0
BRDA:80,10,1,0
BRDA:107,11,0,0
BRDA:107,11,1,0
BRDA:110,12,0,0
BRDA:110,12,1,0
BRDA:112,13,0,0
BRDA:112,13,1,0
BRDA:112,14,0,0
BRDA:112,14,1,0
BRDA:116,15,0,0
BRDA:116,15,1,0
BRDA:117,16,0,0
BRDA:117,16,1,0
BRDA:119,17,0,0
BRDA:119,17,1,0
BRDA:129,18,0,0
BRDA:129,18,1,0
BRDA:133,19,0,0
BRF:39
BRH:2
end_of_record
TN:
SF:src\components\index.ts
FNF:0
FNH:0
LF:0
LH:0
BRF:0
BRH:0
end_of_record
TN:
SF:src\features\accounts\AccountsPage.tsx
FN:42,AccountsPage
FN:60,(anonymous_1)
FN:61,(anonymous_2)
FN:67,(anonymous_3)
FN:70,close
FN:75,submit
FN:102,(anonymous_6)
FN:117,(anonymous_7)
FN:124,(anonymous_8)
FN:129,(anonymous_9)
FN:135,(anonymous_10)
FN:142,(anonymous_11)
FN:176,(anonymous_12)
FN:177,(anonymous_13)
FN:182,(anonymous_14)
FN:190,(anonymous_15)
FN:266,(anonymous_16)
FNF:17
FNH:0
FNDA:0,AccountsPage
FNDA:0,(anonymous_1)
FNDA:0,(anonymous_2)
FNDA:0,(anonymous_3)
FNDA:0,close
FNDA:0,submit
FNDA:0,(anonymous_6)
FNDA:0,(anonymous_7)
FNDA:0,(anonymous_8)
FNDA:0,(anonymous_9)
FNDA:0,(anonymous_10)
FNDA:0,(anonymous_11)
FNDA:0,(anonymous_12)
FNDA:0,(anonymous_13)
FNDA:0,(anonymous_14)
FNDA:0,(anonymous_15)
FNDA:0,(anonymous_16)
DA:43,0
DA:44,0
DA:46,0
DA:47,0
DA:48,0
DA:49,0
DA:51,0
DA:52,0
DA:53,0
DA:55,0
DA:56,0
DA:57,0
DA:60,0
DA:61,0
DA:62,0
DA:67,0
DA:68,0
DA:71,0
DA:72,0
DA:76,0
DA:77,0
DA:78,0
DA:79,0
DA:91,0
DA:92,0
DA:93,0
DA:94,0
DA:95,0
DA:97,0
DA:102,0
DA:108,0
DA:110,0
DA:118,0
DA:124,0
DA:129,0
DA:135,0
DA:142,0
DA:146,0
DA:176,0
DA:178,0
DA:182,0
DA:191,0
DA:192,0
DA:193,0
DA:195,0
DA:266,0
LF:46
LH:0
BRDA:55,0,0,0
BRDA:55,0,1,0
BRDA:56,1,0,0
BRDA:56,1,1,0
BRDA:68,2,0,0
BRDA:68,2,1,0
BRDA:68,2,2,0
BRDA:77,3,0,0
BRDA:77,3,1,0
BRDA:78,4,0,0
BRDA:78,4,1,0
BRDA:80,5,0,0
BRDA:80,5,1,0
BRDA:81,6,0,0
BRDA:81,6,1,0
BRDA:82,7,0,0
BRDA:82,7,1,0
BRDA:83,8,0,0
BRDA:83,8,1,0
BRDA:85,9,0,0
BRDA:85,9,1,0
BRDA:88,10,0,0
BRDA:88,10,1,0
BRDA:93,11,0,0
BRDA:93,11,1,0
BRDA:108,12,0,0
BRDA:108,12,1,0
BRDA:118,13,0,0
BRDA:118,13,1,0
BRDA:135,14,0,0
BRDA:135,14,1,0
BRDA:154,15,0,0
BRDA:154,15,1,0
BRDA:155,16,0,0
BRDA:155,16,1,0
BRDA:157,17,0,0
BRDA:157,17,1,0
BRDA:159,18,0,0
BRDA:159,18,1,0
BRDA:169,19,0,0
BRDA:169,19,1,0
BRDA:178,20,0,0
BRDA:178,20,1,0
BRDA:186,21,0,0
BRDA:186,21,1,0
BRDA:219,22,0,0
BRDA:219,22,1,0
BRDA:221,23,0,0
BRDA:221,23,1,0
BRDA:222,24,0,0
BRDA:222,24,1,0
BRDA:227,25,0,0
BRDA:227,25,1,0
BRDA:244,26,0,0
BRDA:244,26,1,0
BRDA:265,27,0,0
BRDA:265,27,1,0
BRDA:267,28,0,0
BRDA:267,28,1,0
BRDA:269,29,0,0
BRDA:269,29,1,0
BRDA:279,30,0,0
BRDA:279,30,1,0
BRDA:284,31,0,0
BRDA:284,31,1,0
BRDA:290,32,0,0
BRDA:290,32,1,0
BRF:67
BRH:0
end_of_record
TN:
SF:src\features\activity\ActivityPage.tsx
FN:11,ActivityPage
FN:22,TrafficBand
FN:51,(anonymous_2)
FN:66,(anonymous_3)
FN:105,(anonymous_4)
FNF:5
FNH:0
FNDA:0,ActivityPage
FNDA:0,TrafficBand
FNDA:0,(anonymous_2)
FNDA:0,(anonymous_3)
FNDA:0,(anonymous_4)
DA:12,0
DA:13,0
DA:23,0
DA:24,0
DA:25,0
DA:28,0
DA:32,0
DA:33,0
DA:50,0
DA:51,0
DA:52,0
DA:56,0
DA:67,0
DA:106,0
LF:14
LH:0
BRDA:28,0,0,0
BRDA:28,0,1,0
BRDA:32,1,0,0
BRDA:32,1,1,0
BRDA:52,2,0,0
BRDA:52,2,1,0
BRDA:60,3,0,0
BRDA:60,3,1,0
BRDA:60,4,0,0
BRDA:60,4,1,0
BRDA:76,5,0,0
BRDA:76,5,1,0
BRDA:101,6,0,0
BRDA:101,6,1,0
BRDA:108,7,0,0
BRDA:108,7,1,0
BRDA:108,7,2,0
BRF:17
BRH:0
end_of_record
TN:
SF:src\features\activity\AuditLog.tsx
FN:47,AuditLog
FN:70,choose
FN:81,(anonymous_2)
FN:87,(anonymous_3)
FN:100,(anonymous_4)
FN:106,(anonymous_5)
FN:112,(anonymous_6)
FN:126,(anonymous_7)
FN:144,(anonymous_8)
FN:147,(anonymous_9)
FN:172,(anonymous_10)
FN:174,(anonymous_11)
FN:189,(anonymous_12)
FN:201,(anonymous_13)
FN:217,(anonymous_14)
FN:243,(anonymous_15)
FN:266,instant
FNF:17
FNH:0
FNDA:0,AuditLog
FNDA:0,choose
FNDA:0,(anonymous_2)
FNDA:0,(anonymous_3)
FNDA:0,(anonymous_4)
FNDA:0,(anonymous_5)
FNDA:0,(anonymous_6)
FNDA:0,(anonymous_7)
FNDA:0,(anonymous_8)
FNDA:0,(anonymous_9)
FNDA:0,(anonymous_10)
FNDA:0,(anonymous_11)
FNDA:0,(anonymous_12)
FNDA:0,(anonymous_13)
FNDA:0,(anonymous_14)
FNDA:0,(anonymous_15)
FNDA:0,instant
DA:20,0
DA:23,0
DA:25,0
DA:29,0
DA:37,0
DA:48,0
DA:49,0
DA:50,0
DA:51,0
DA:54,0
DA:55,0
DA:56,0
DA:58,0
DA:59,0
DA:64,0
DA:66,0
DA:67,0
DA:68,0
DA:71,0
DA:72,0
DA:73,0
DA:76,0
DA:81,0
DA:88,0
DA:100,0
DA:106,0
DA:113,0
DA:127,0
DA:134,0
DA:145,0
DA:148,0
DA:149,0
DA:172,0
DA:175,0
DA:190,0
DA:191,0
DA:202,0
DA:203,0
DA:217,0
DA:243,0
DA:267,0
DA:268,0
DA:269,0
LF:43
LH:0
BRDA:60,0,0,0
BRDA:60,0,1,0
BRDA:61,1,0,0
BRDA:61,1,1,0
BRDA:62,2,0,0
BRDA:62,2,1,0
BRDA:64,3,0,0
BRDA:64,3,1,0
BRDA:64,3,2,0
BRDA:68,4,0,0
BRDA:68,4,1,0
BRDA:72,5,0,0
BRDA:72,5,1,0
BRDA:91,6,0,0
BRDA:91,6,1,0
BRDA:113,7,0,0
BRDA:113,7,1,0
BRDA:116,8,0,0
BRDA:116,8,1,0
BRDA:153,9,0,0
BRDA:153,9,1,0
BRDA:156,10,0,0
BRDA:156,10,1,0
BRDA:162,11,0,0
BRDA:162,11,1,0
BRDA:163,12,0,0
BRDA:163,12,1,0
BRDA:181,13,0,0
BRDA:181,13,1,0
BRDA:210,14,0,0
BRDA:210,14,1,0
BRDA:211,15,0,0
BRDA:211,15,1,0
BRDA:218,16,0,0
BRDA:218,16,1,0
BRDA:221,17,0,0
BRDA:221,17,1,0
BRDA:226,18,0,0
BRDA:226,18,1,0
BRDA:228,19,0,0
BRDA:228,19,1,0
BRDA:231,20,0,0
BRDA:231,20,1,0
BRDA:233,21,0,0
BRDA:233,21,1,0
BRDA:237,22,0,0
BRDA:237,22,1,0
BRDA:245,23,0,0
BRDA:245,23,1,0
BRDA:267,24,0,0
BRDA:267,24,1,0
BRDA:269,25,0,0
BRDA:269,25,1,0
BRF:53
BRH:0
end_of_record
TN:
SF:src\features\connections\ApiRow.tsx
FN:21,ApiRow
FN:41,activate
FN:67,(anonymous_2)
FN:84,(anonymous_3)
FN:87,(anonymous_4)
FNF:5
FNH:5
FNDA:105,ApiRow
FNDA:3,activate
FNDA:3,(anonymous_2)
FNDA:8,(anonymous_3)
FNDA:8,(anonymous_4)
DA:38,105
DA:39,105
DA:42,3
DA:43,3
DA:46,105
DA:67,3
DA:84,8
DA:88,8
DA:89,0
DA:90,0
LF:10
LH:8
BRDA:43,0,0,3
BRDA:43,0,1,0
BRDA:49,1,0,41
BRDA:49,1,1,64
BRDA:52,2,0,41
BRDA:52,2,1,64
BRDA:56,3,0,41
BRDA:56,3,1,64
BRDA:62,4,0,105
BRDA:62,4,1,64
BRDA:62,4,2,54
BRDA:67,5,0,2
BRDA:67,5,1,1
BRDA:69,6,0,2
BRDA:69,6,1,52
BRDA:75,7,0,105
BRDA:75,7,1,10
BRDA:88,8,0,8
BRDA:88,8,1,0
BRDA:90,9,0,0
BRDA:90,9,1,0
BRDA:90,10,0,0
BRDA:90,10,1,0
BRDA:92,11,0,0
BRDA:92,11,1,10
BRDA:94,12,0,10
BRDA:94,12,1,0
BRDA:103,13,0,10
BRDA:103,13,1,9
BRDA:106,14,0,1
BRDA:106,14,1,9
BRF:31
BRH:23
end_of_record
TN:
SF:src\features\connections\ConnectFlow.tsx
FN:64,ConnectFlow
FN:113,(anonymous_1)
FN:113,(anonymous_2)
FN:138,contract
FN:157,connection
FN:167,(anonymous_5)
FN:169,(anonymous_6)
FN:172,submit
FN:199,(anonymous_8)
FN:219,(anonymous_9)
FN:225,(anonymous_10)
FN:234,(anonymous_11)
FN:241,(anonymous_12)
FN:255,(anonymous_13)
FN:261,(anonymous_14)
FN:295,(anonymous_15)
FN:313,(anonymous_16)
FN:324,(anonymous_17)
FN:332,(anonymous_18)
FN:338,(anonymous_19)
FN:342,(anonymous_20)
FN:357,(anonymous_21)
FN:381,(anonymous_22)
FN:393,(anonymous_23)
FN:406,(anonymous_24)
FN:414,(anonymous_25)
FN:427,(anonymous_26)
FN:443,(anonymous_27)
FN:454,(anonymous_28)
FN:462,(anonymous_29)
FN:490,(anonymous_30)
FN:503,(anonymous_31)
FN:518,(anonymous_32)
FN:527,(anonymous_33)
FN:568,CallbackToRegister
FN:582,Caveat
FN:598,SigningFields
FN:600,(anonymous_37)
FN:610,(anonymous_38)
FN:617,(anonymous_39)
FN:631,(anonymous_40)
FN:639,(anonymous_41)
FN:650,(anonymous_42)
FN:658,(anonymous_43)
FN:666,Preview
FN:707,StepHead
FN:721,GatewayPath
FN:742,(anonymous_47)
FN:761,Review
FN:796,Line
FNF:50
FNH:17
FNDA:161,ConnectFlow
FNDA:0,(anonymous_1)
FNDA:0,(anonymous_2)
FNDA:5,contract
FNDA:3,connection
FNDA:2,(anonymous_5)
FNDA:6,(anonymous_6)
FNDA:7,submit
FNDA:1,(anonymous_8)
FNDA:0,(anonymous_9)
FNDA:0,(anonymous_10)
FNDA:0,(anonymous_11)
FNDA:322,(anonymous_12)
FNDA:0,(anonymous_13)
FNDA:0,(anonymous_14)
FNDA:0,(anonymous_15)
FNDA:32,(anonymous_16)
FNDA:92,(anonymous_17)
FNDA:0,(anonymous_18)
FNDA:0,(anonymous_19)
FNDA:0,(anonymous_20)
FNDA:0,(anonymous_21)
FNDA:0,(anonymous_22)
FNDA:0,(anonymous_23)
FNDA:0,(anonymous_24)
FNDA:0,(anonymous_25)
FNDA:0,(anonymous_26)
FNDA:0,(anonymous_27)
FNDA:0,(anonymous_28)
FNDA:0,(anonymous_29)
FNDA:3,(anonymous_30)
FNDA:18,(anonymous_31)
FNDA:0,(anonymous_32)
FNDA:0,(anonymous_33)
FNDA:0,CallbackToRegister
FNDA:0,Caveat
FNDA:0,SigningFields
FNDA:0,(anonymous_37)
FNDA:0,(anonymous_38)
FNDA:0,(anonymous_39)
FNDA:0,(anonymous_40)
FNDA:0,(anonymous_41)
FNDA:0,(anonymous_42)
FNDA:0,(anonymous_43)
FNDA:29,Preview
FNDA:161,StepHead
FNDA:132,GatewayPath
FNDA:0,(anonymous_47)
FNDA:29,Review
FNDA:116,Line
DA:55,3
DA:74,161
DA:75,161
DA:76,161
DA:78,161
DA:79,161
DA:80,161
DA:81,161
DA:82,161
DA:84,161
DA:85,161
DA:86,161
DA:87,161
DA:88,161
DA:89,161
DA:90,161
DA:93,161
DA:94,161
DA:95,161
DA:96,161
DA:97,161
DA:98,161
DA:99,161
DA:100,161
DA:101,161
DA:102,161
DA:106,161
DA:107,161
DA:109,161
DA:110,161
DA:113,161
DA:115,161
DA:116,161
DA:119,161
DA:121,161
DA:139,5
DA:158,3
DA:167,161
DA:168,2
DA:169,6
DA:173,7
DA:176,7
DA:177,7
DA:178,4
DA:179,4
DA:182,3
DA:183,3
DA:186,3
DA:187,3
DA:189,3
DA:190,3
DA:199,3
DA:203,3
DA:204,2
DA:205,2
DA:219,1
DA:222,2
DA:223,2
DA:225,1
DA:226,1
DA:227,1
DA:231,161
DA:234,0
DA:242,322
DA:255,0
DA:261,0
DA:295,0
DA:313,32
DA:324,92
DA:332,0
DA:339,0
DA:340,0
DA:342,0
DA:357,0
DA:381,0
DA:393,0
DA:406,0
DA:414,0
DA:427,0
DA:443,0
DA:454,0
DA:462,0
DA:490,3
DA:503,18
DA:518,0
DA:527,0
DA:569,0
DA:570,0
DA:571,0
DA:572,0
DA:583,0
DA:599,0
DA:600,0
DA:601,0
DA:610,0
DA:617,0
DA:631,0
DA:639,0
DA:650,0
DA:658,0
DA:677,29
DA:678,29
DA:679,29
DA:681,0
DA:683,0
DA:685,0
DA:687,0
DA:689,0
DA:703,29
DA:708,161
DA:732,132
DA:733,132
DA:742,0
DA:774,29
DA:775,29
DA:797,116
LF:116
LH:77
BRDA:109,0,0,0
BRDA:109,0,1,161
BRDA:110,1,0,161
BRDA:110,1,1,8
BRDA:110,1,2,8
BRDA:110,1,3,8
BRDA:113,2,0,0
BRDA:113,2,1,0
BRDA:119,3,0,161
BRDA:119,3,1,0
BRDA:119,3,2,0
BRDA:122,4,0,161
BRDA:122,4,1,153
BRDA:122,4,2,145
BRDA:125,5,0,161
BRDA:125,5,1,0
BRDA:125,5,2,161
BRDA:125,5,3,0
BRDA:125,5,4,161
BRDA:125,5,5,0
BRDA:125,5,6,161
BRDA:125,5,7,0
BRDA:125,5,8,0
BRDA:125,5,9,161
BRDA:125,5,10,0
BRDA:125,5,11,0
BRDA:125,5,12,161
BRDA:125,5,13,24
BRDA:125,5,14,24
BRDA:125,5,15,158
BRDA:125,5,16,21
BRDA:125,5,17,0
BRDA:142,6,0,0
BRDA:142,6,1,5
BRDA:142,7,0,5
BRDA:142,7,1,5
BRDA:142,7,2,0
BRDA:143,8,0,0
BRDA:143,8,1,5
BRDA:144,9,0,0
BRDA:144,9,1,5
BRDA:145,10,0,0
BRDA:145,10,1,5
BRDA:145,11,0,0
BRDA:145,11,1,0
BRDA:146,12,0,0
BRDA:146,12,1,5
BRDA:147,13,0,0
BRDA:147,13,1,5
BRDA:148,14,0,0
BRDA:148,14,1,5
BRDA:149,15,0,0
BRDA:149,15,1,5
BRDA:149,16,0,0
BRDA:149,16,1,0
BRDA:150,17,0,0
BRDA:150,17,1,5
BRDA:150,18,0,0
BRDA:150,18,1,0
BRDA:151,19,0,0
BRDA:151,19,1,5
BRDA:151,20,0,0
BRDA:151,20,1,0
BRDA:152,21,0,0
BRDA:152,21,1,5
BRDA:152,22,0,0
BRDA:152,22,1,0
BRDA:159,23,0,0
BRDA:159,23,1,3
BRDA:160,24,0,0
BRDA:160,24,1,3
BRDA:161,25,0,0
BRDA:161,25,1,3
BRDA:161,26,0,0
BRDA:161,26,1,0
BRDA:162,27,0,0
BRDA:162,27,1,3
BRDA:176,28,0,0
BRDA:176,28,1,7
BRDA:177,29,0,4
BRDA:177,29,1,3
BRDA:203,30,0,2
BRDA:203,30,1,1
BRDA:208,31,0,0
BRDA:208,31,1,2
BRDA:211,32,0,0
BRDA:211,32,1,2
BRDA:213,33,0,0
BRDA:213,33,1,2
BRDA:216,34,0,0
BRDA:216,34,1,2
BRDA:242,35,0,190
BRDA:242,35,1,132
BRDA:254,36,0,153
BRDA:254,36,1,8
BRDA:260,37,0,161
BRDA:260,37,1,29
BRDA:270,38,0,161
BRDA:270,38,1,118
BRDA:272,39,0,132
BRDA:272,39,1,29
BRDA:277,40,0,3
BRDA:277,40,1,26
BRDA:287,41,0,161
BRDA:287,41,1,0
BRDA:301,42,0,161
BRDA:301,42,1,132
BRDA:327,43,0,132
BRDA:327,43,1,0
BRDA:347,44,0,161
BRDA:347,44,1,29
BRDA:350,45,0,0
BRDA:350,45,1,29
BRDA:351,46,0,0
BRDA:351,46,1,29
BRDA:374,47,0,29
BRDA:374,47,1,29
BRDA:374,47,2,0
BRDA:376,48,0,0
BRDA:376,48,1,0
BRDA:382,49,0,0
BRDA:382,49,1,0
BRDA:385,50,0,29
BRDA:385,50,1,0
BRDA:396,51,0,29
BRDA:396,51,1,0
BRDA:419,52,0,29
BRDA:419,52,1,0
BRDA:430,53,0,29
BRDA:430,53,1,0
BRDA:479,54,0,29
BRDA:479,54,1,0
BRDA:493,55,0,29
BRDA:493,55,1,24
BRDA:493,55,2,24
BRDA:505,56,0,0
BRDA:505,56,1,24
BRDA:510,57,0,24
BRDA:510,57,1,0
BRDA:529,58,0,0
BRDA:529,58,1,24
BRDA:550,59,0,161
BRDA:550,59,1,1
BRDA:571,60,0,0
BRDA:571,60,1,0
BRDA:576,61,0,0
BRDA:576,61,1,0
BRDA:679,62,0,0
BRDA:679,62,1,0
BRDA:679,62,2,0
BRDA:679,62,3,0
BRDA:679,62,4,0
BRDA:679,62,5,29
BRDA:683,63,0,0
BRDA:683,63,1,0
BRDA:685,64,0,0
BRDA:685,64,1,0
BRDA:691,65,0,0
BRDA:691,65,1,0
BRDA:697,66,0,0
BRDA:697,66,1,0
BRDA:699,67,0,0
BRDA:699,67,1,0
BRDA:735,68,0,0
BRDA:735,68,1,132
BRDA:752,69,0,132
BRDA:752,69,1,8
BRDA:789,70,0,24
BRDA:789,70,1,5
BRF:169
BRH:86
end_of_record
TN:
SF:src\features\connections\ConnectionPage.tsx
FN:67,ConnectionPage
FN:98,(anonymous_1)
FN:105,(anonymous_2)
FN:111,(anonymous_3)
FN:125,(anonymous_4)
FN:153,guard
FN:188,(anonymous_6)
FN:216,(anonymous_7)
FN:216,(anonymous_8)
FN:227,(anonymous_9)
FN:227,(anonymous_10)
FN:231,(anonymous_11)
FN:283,(anonymous_12)
FN:304,(anonymous_13)
FN:351,(anonymous_14)
FN:383,(anonymous_15)
FN:384,(anonymous_16)
FN:406,(anonymous_17)
FN:406,(anonymous_18)
FN:411,(anonymous_19)
FN:412,(anonymous_20)
FN:426,(anonymous_21)
FN:427,(anonymous_22)
FN:436,(anonymous_23)
FN:437,(anonymous_24)
FN:447,(anonymous_25)
FN:448,(anonymous_26)
FN:456,(anonymous_27)
FN:457,(anonymous_28)
FN:474,(anonymous_29)
FN:483,Diagnosis
FN:521,(anonymous_31)
FN:540,DestinationPanel
FN:557,submit
FN:651,(anonymous_34)
FN:692,QuotaPanel
FN:707,submit_2
FN:726,(anonymous_37)
FN:736,(anonymous_38)
FN:751,ScopePanel
FN:769,submit_3
FN:778,(anonymous_41)
FN:779,(anonymous_42)
FN:779,(anonymous_43)
FN:789,(anonymous_44)
FN:800,(anonymous_45)
FN:805,(anonymous_46)
FN:814,(anonymous_47)
FN:814,(anonymous_48)
FN:823,SecretPanel
FN:829,submit_4
FN:847,(anonymous_51)
FN:863,AuthorizationBlock
FN:871,authorize
FN:888,revoke
FNF:55
FNH:0
FNDA:0,ConnectionPage
FNDA:0,(anonymous_1)
FNDA:0,(anonymous_2)
FNDA:0,(anonymous_3)
FNDA:0,(anonymous_4)
FNDA:0,guard
FNDA:0,(anonymous_6)
FNDA:0,(anonymous_7)
FNDA:0,(anonymous_8)
FNDA:0,(anonymous_9)
FNDA:0,(anonymous_10)
FNDA:0,(anonymous_11)
FNDA:0,(anonymous_12)
FNDA:0,(anonymous_13)
FNDA:0,(anonymous_14)
FNDA:0,(anonymous_15)
FNDA:0,(anonymous_16)
FNDA:0,(anonymous_17)
FNDA:0,(anonymous_18)
FNDA:0,(anonymous_19)
FNDA:0,(anonymous_20)
FNDA:0,(anonymous_21)
FNDA:0,(anonymous_22)
FNDA:0,(anonymous_23)
FNDA:0,(anonymous_24)
FNDA:0,(anonymous_25)
FNDA:0,(anonymous_26)
FNDA:0,(anonymous_27)
FNDA:0,(anonymous_28)
FNDA:0,(anonymous_29)
FNDA:0,Diagnosis
FNDA:0,(anonymous_31)
FNDA:0,DestinationPanel
FNDA:0,submit
FNDA:0,(anonymous_34)
FNDA:0,QuotaPanel
FNDA:0,submit_2
FNDA:0,(anonymous_37)
FNDA:0,(anonymous_38)
FNDA:0,ScopePanel
FNDA:0,submit_3
FNDA:0,(anonymous_41)
FNDA:0,(anonymous_42)
FNDA:0,(anonymous_43)
FNDA:0,(anonymous_44)
FNDA:0,(anonymous_45)
FNDA:0,(anonymous_46)
FNDA:0,(anonymous_47)
FNDA:0,(anonymous_48)
FNDA:0,SecretPanel
FNDA:0,submit_4
FNDA:0,(anonymous_51)
FNDA:0,AuthorizationBlock
FNDA:0,authorize
FNDA:0,revoke
DA:62,0
DA:78,0
DA:79,0
DA:81,0
DA:82,0
DA:83,0
DA:84,0
DA:85,0
DA:86,0
DA:87,0
DA:88,0
DA:89,0
DA:90,0
DA:91,0
DA:93,0
DA:94,0
DA:95,0
DA:97,0
DA:98,0
DA:100,0
DA:105,0
DA:111,0
DA:112,0
DA:115,0
DA:117,0
DA:118,0
DA:119,0
DA:122,0
DA:125,0
DA:135,0
DA:151,0
DA:154,0
DA:155,0
DA:156,0
DA:158,0
DA:162,0
DA:188,0
DA:216,0
DA:227,0
DA:231,0
DA:283,0
DA:304,0
DA:351,0
DA:384,0
DA:385,0
DA:386,0
DA:406,0
DA:412,0
DA:413,0
DA:414,0
DA:426,0
DA:428,0
DA:429,0
DA:436,0
DA:438,0
DA:439,0
DA:447,0
DA:449,0
DA:450,0
DA:456,0
DA:458,0
DA:470,0
DA:474,0
DA:493,0
DA:494,0
DA:497,0
DA:500,0
DA:506,0
DA:514,0
DA:522,0
DA:523,0
DA:549,0
DA:550,0
DA:551,0
DA:552,0
DA:555,0
DA:558,0
DA:559,0
DA:560,0
DA:561,0
DA:581,0
DA:585,0
DA:651,0
DA:701,0
DA:702,0
DA:703,0
DA:704,0
DA:705,0
DA:708,0
DA:709,0
DA:710,0
DA:712,0
DA:716,0
DA:726,0
DA:736,0
DA:762,0
DA:763,0
DA:764,0
DA:765,0
DA:766,0
DA:767,0
DA:770,0
DA:771,0
DA:772,0
DA:774,0
DA:778,0
DA:779,0
DA:781,0
DA:789,0
DA:801,0
DA:805,0
DA:814,0
DA:824,0
DA:825,0
DA:826,0
DA:827,0
DA:830,0
DA:831,0
DA:832,0
DA:834,0
DA:838,0
DA:847,0
DA:864,0
DA:865,0
DA:866,0
DA:867,0
DA:868,0
DA:869,0
DA:872,0
DA:873,0
DA:874,0
DA:877,0
DA:881,0
DA:883,0
DA:884,0
DA:889,0
DA:890,0
DA:893,0
LF:138
LH:0
BRDA:97,0,0,0
BRDA:97,0,1,0
BRDA:97,0,2,0
BRDA:97,0,3,0
BRDA:101,1,0,0
BRDA:101,1,1,0
BRDA:102,2,0,0
BRDA:102,2,1,0
BRDA:103,3,0,0
BRDA:103,3,1,0
BRDA:104,4,0,0
BRDA:104,4,1,0
BRDA:112,5,0,0
BRDA:112,5,1,0
BRDA:112,6,0,0
BRDA:112,6,1,0
BRDA:115,7,0,0
BRDA:115,7,1,0
BRDA:115,8,0,0
BRDA:115,8,1,0
BRDA:119,9,0,0
BRDA:119,9,1,0
BRDA:122,10,0,0
BRDA:122,10,1,0
BRDA:141,11,0,0
BRDA:141,11,1,0
BRDA:142,12,0,0
BRDA:142,12,1,0
BRDA:143,13,0,0
BRDA:143,13,1,0
BRDA:144,14,0,0
BRDA:144,14,1,0
BRDA:144,14,2,0
BRDA:145,15,0,0
BRDA:145,15,1,0
BRDA:146,16,0,0
BRDA:146,16,1,0
BRDA:188,17,0,0
BRDA:188,17,1,0
BRDA:191,18,0,0
BRDA:191,18,1,0
BRDA:202,19,0,0
BRDA:202,19,1,0
BRDA:210,20,0,0
BRDA:210,20,1,0
BRDA:218,21,0,0
BRDA:218,21,1,0
BRDA:221,22,0,0
BRDA:221,22,1,0
BRDA:221,22,2,0
BRDA:230,23,0,0
BRDA:230,23,1,0
BRDA:245,24,0,0
BRDA:245,24,1,0
BRDA:246,25,0,0
BRDA:246,25,1,0
BRDA:248,26,0,0
BRDA:248,26,1,0
BRDA:253,27,0,0
BRDA:253,27,1,0
BRDA:269,28,0,0
BRDA:269,28,1,0
BRDA:270,29,0,0
BRDA:270,29,1,0
BRDA:290,30,0,0
BRDA:290,30,1,0
BRDA:291,31,0,0
BRDA:291,31,1,0
BRDA:312,32,0,0
BRDA:312,32,1,0
BRDA:313,33,0,0
BRDA:313,33,1,0
BRDA:318,34,0,0
BRDA:318,34,1,0
BRDA:319,35,0,0
BRDA:319,35,1,0
BRDA:324,36,0,0
BRDA:324,36,1,0
BRDA:327,37,0,0
BRDA:327,37,1,0
BRDA:328,38,0,0
BRDA:328,38,1,0
BRDA:339,39,0,0
BRDA:339,39,1,0
BRDA:339,39,2,0
BRDA:343,40,0,0
BRDA:343,40,1,0
BRDA:343,40,2,0
BRDA:347,41,0,0
BRDA:347,41,1,0
BRDA:368,42,0,0
BRDA:368,42,1,0
BRDA:368,42,2,0
BRDA:372,43,0,0
BRDA:372,43,1,0
BRDA:397,44,0,0
BRDA:397,44,1,0
BRDA:401,45,0,0
BRDA:401,45,1,0
BRDA:402,46,0,0
BRDA:402,46,1,0
BRDA:403,47,0,0
BRDA:403,47,1,0
BRDA:404,48,0,0
BRDA:404,48,1,0
BRDA:423,49,0,0
BRDA:423,49,1,0
BRDA:423,49,2,0
BRDA:423,49,3,0
BRDA:433,50,0,0
BRDA:433,50,1,0
BRDA:443,51,0,0
BRDA:443,51,1,0
BRDA:454,52,0,0
BRDA:454,52,1,0
BRDA:454,52,2,0
BRDA:464,53,0,0
BRDA:464,53,1,0
BRDA:466,54,0,0
BRDA:466,54,1,0
BRDA:474,55,0,0
BRDA:474,55,1,0
BRDA:497,56,0,0
BRDA:497,56,1,0
BRDA:500,57,0,0
BRDA:500,57,1,0
BRDA:502,58,0,0
BRDA:502,58,1,0
BRDA:506,59,0,0
BRDA:506,59,1,0
BRDA:508,60,0,0
BRDA:508,60,1,0
BRDA:510,61,0,0
BRDA:510,61,1,0
BRDA:518,62,0,0
BRDA:518,62,1,0
BRDA:518,62,2,0
BRDA:518,62,3,0
BRDA:522,63,0,0
BRDA:522,63,1,0
BRDA:562,64,0,0
BRDA:562,64,1,0
BRDA:563,65,0,0
BRDA:563,65,1,0
BRDA:564,66,0,0
BRDA:564,66,1,0
BRDA:568,67,0,0
BRDA:568,67,1,0
BRDA:570,68,0,0
BRDA:570,68,1,0
BRDA:570,69,0,0
BRDA:570,69,1,0
BRDA:571,70,0,0
BRDA:571,70,1,0
BRDA:572,71,0,0
BRDA:572,71,1,0
BRDA:611,72,0,0
BRDA:611,72,1,0
BRDA:611,72,2,0
BRDA:654,73,0,0
BRDA:654,73,1,0
BRDA:662,74,0,0
BRDA:662,74,1,0
BRDA:726,75,0,0
BRDA:726,75,1,0
BRDA:736,76,0,0
BRDA:736,76,1,0
BRDA:764,77,0,0
BRDA:764,77,1,0
BRDA:779,78,0,0
BRDA:779,78,1,0
BRDA:797,79,0,0
BRDA:797,79,1,0
BRDA:810,80,0,0
BRDA:810,80,1,0
BRDA:896,81,0,0
BRDA:896,81,1,0
BRDA:898,82,0,0
BRDA:898,82,1,0
BRDA:900,83,0,0
BRDA:900,83,1,0
BRDA:915,84,0,0
BRDA:915,84,1,0
BRDA:915,84,2,0
BRDA:921,85,0,0
BRDA:921,85,1,0
BRDA:925,86,0,0
BRDA:925,86,1,0
BRDA:926,87,0,0
BRDA:926,87,1,0
BRDA:934,88,0,0
BRDA:934,88,1,0
BRF:192
BRH:0
end_of_record
TN:
SF:src\features\connections\ServiceFlow.tsx
FN:52,ServiceFlow
FN:91,(anonymous_1)
FN:99,(anonymous_2)
FN:100,(anonymous_3)
FN:106,(anonymous_4)
FN:113,(anonymous_5)
FN:113,(anonymous_6)
FN:122,toggle
FN:123,(anonymous_8)
FN:124,(anonymous_9)
FN:129,(anonymous_10)
FN:131,(anonymous_11)
FN:134,submit
FN:158,(anonymous_13)
FN:163,(anonymous_14)
FN:181,(anonymous_15)
FN:188,(anonymous_16)
FN:198,(anonymous_17)
FN:206,(anonymous_18)
FN:226,(anonymous_19)
FN:232,(anonymous_20)
FN:267,(anonymous_21)
FN:287,(anonymous_22)
FN:293,(anonymous_23)
FN:302,(anonymous_24)
FN:318,(anonymous_25)
FN:327,(anonymous_26)
FN:327,(anonymous_27)
FN:333,(anonymous_28)
FN:352,(anonymous_29)
FN:373,(anonymous_30)
FN:374,(anonymous_31)
FN:380,(anonymous_32)
FN:397,ReadyScreen
FN:405,(anonymous_34)
FN:439,(anonymous_35)
FN:440,(anonymous_36)
FN:462,Probe
FN:477,send
FN:496,(anonymous_39)
FN:506,Verdict
FN:550,StepHead
FNF:42
FNH:23
FNDA:119,ServiceFlow
FNDA:16,(anonymous_1)
FNDA:27,(anonymous_2)
FNDA:36,(anonymous_3)
FNDA:7,(anonymous_4)
FNDA:0,(anonymous_5)
FNDA:0,(anonymous_6)
FNDA:3,toggle
FNDA:3,(anonymous_8)
FNDA:0,(anonymous_9)
FNDA:4,(anonymous_10)
FNDA:12,(anonymous_11)
FNDA:12,submit
FNDA:5,(anonymous_13)
FNDA:15,(anonymous_14)
FNDA:3,(anonymous_15)
FNDA:0,(anonymous_16)
FNDA:0,(anonymous_17)
FNDA:230,(anonymous_18)
FNDA:0,(anonymous_19)
FNDA:0,(anonymous_20)
FNDA:0,(anonymous_21)
FNDA:70,(anonymous_22)
FNDA:0,(anonymous_23)
FNDA:0,(anonymous_24)
FNDA:105,(anonymous_25)
FNDA:2,(anonymous_26)
FNDA:2,(anonymous_27)
FNDA:3,(anonymous_28)
FNDA:0,(anonymous_29)
FNDA:0,(anonymous_30)
FNDA:0,(anonymous_31)
FNDA:0,(anonymous_32)
FNDA:4,ReadyScreen
FNDA:4,(anonymous_34)
FNDA:0,(anonymous_35)
FNDA:0,(anonymous_36)
FNDA:3,Probe
FNDA:0,send
FNDA:0,(anonymous_39)
FNDA:0,Verdict
FNDA:117,StepHead
DA:62,119
DA:63,119
DA:64,119
DA:66,119
DA:67,119
DA:70,119
DA:73,119
DA:75,119
DA:76,119
DA:77,119
DA:78,119
DA:79,119
DA:81,119
DA:83,119
DA:84,119
DA:85,119
DA:86,119
DA:87,119
DA:91,119
DA:92,16
DA:93,16
DA:94,11
DA:95,11
DA:98,16
DA:99,27
DA:100,36
DA:106,119
DA:107,7
DA:110,119
DA:113,119
DA:115,119
DA:123,3
DA:124,3
DA:129,119
DA:130,4
DA:131,12
DA:135,12
DA:138,12
DA:139,12
DA:140,7
DA:141,7
DA:144,5
DA:145,5
DA:146,5
DA:149,5
DA:150,5
DA:158,5
DA:162,5
DA:163,15
DA:164,5
DA:165,4
DA:177,4
DA:178,4
DA:181,3
DA:183,4
DA:188,1
DA:189,1
DA:190,1
DA:194,119
DA:198,0
DA:207,230
DA:226,0
DA:232,0
DA:267,0
DA:287,70
DA:293,0
DA:302,0
DA:319,105
DA:327,2
DA:333,3
DA:352,0
DA:373,0
DA:375,0
DA:376,0
DA:380,0
DA:398,4
DA:399,4
DA:400,4
DA:405,4
DA:408,4
DA:410,4
DA:439,0
DA:440,0
DA:463,3
DA:464,3
DA:465,3
DA:466,3
DA:471,3
DA:472,3
DA:473,0
DA:474,0
DA:478,0
DA:479,0
DA:480,0
DA:481,0
DA:484,3
DA:496,0
DA:507,0
DA:511,0
DA:513,0
DA:520,0
DA:529,0
DA:537,0
DA:551,117
LF:104
LH:78
BRDA:93,0,0,16
BRDA:93,0,1,7
BRDA:94,1,0,11
BRDA:94,1,1,0
BRDA:98,2,0,16
BRDA:98,2,1,7
BRDA:107,3,0,7
BRDA:107,3,1,0
BRDA:110,4,0,119
BRDA:110,4,1,14
BRDA:110,4,2,14
BRDA:110,4,3,14
BRDA:113,5,0,0
BRDA:113,5,1,0
BRDA:124,6,0,0
BRDA:124,6,1,3
BRDA:138,7,0,0
BRDA:138,7,1,12
BRDA:139,8,0,7
BRDA:139,8,1,5
BRDA:152,9,0,5
BRDA:152,9,1,5
BRDA:163,10,0,15
BRDA:163,10,1,6
BRDA:188,11,0,1
BRDA:188,11,1,0
BRDA:198,12,0,0
BRDA:198,12,1,0
BRDA:200,13,0,4
BRDA:200,13,1,115
BRDA:207,14,0,146
BRDA:207,14,1,84
BRDA:216,15,0,4
BRDA:216,15,1,115
BRDA:225,16,0,101
BRDA:225,16,1,14
BRDA:231,17,0,115
BRDA:231,17,1,31
BRDA:241,18,0,115
BRDA:241,18,1,101
BRDA:243,19,0,84
BRDA:243,19,1,31
BRDA:248,20,0,5
BRDA:248,20,1,26
BRDA:259,21,0,119
BRDA:259,21,1,0
BRDA:272,22,0,119
BRDA:272,22,1,4
BRDA:276,23,0,4
BRDA:276,23,1,115
BRDA:277,24,0,119
BRDA:277,24,1,84
BRDA:308,25,0,119
BRDA:308,25,1,35
BRDA:312,26,0,0
BRDA:312,26,1,35
BRDA:327,27,0,0
BRDA:327,27,1,2
BRDA:343,28,0,35
BRDA:343,28,1,0
BRDA:343,28,2,0
BRDA:351,29,0,35
BRDA:351,29,1,35
BRDA:358,30,0,35
BRDA:358,30,1,20
BRDA:358,30,2,20
BRDA:364,31,0,119
BRDA:364,31,1,1
BRDA:371,32,0,119
BRDA:371,32,1,0
BRDA:400,33,0,4
BRDA:400,33,1,1
BRDA:427,34,0,1
BRDA:427,34,1,3
BRDA:435,35,0,3
BRDA:435,35,1,0
BRDA:472,36,0,0
BRDA:472,36,1,3
BRDA:499,37,0,0
BRDA:499,37,1,3
BRDA:499,38,0,0
BRDA:499,38,1,3
BRDA:501,39,0,3
BRDA:501,39,1,0
BRDA:511,40,0,0
BRDA:511,40,1,0
BRDA:513,41,0,0
BRDA:513,41,1,0
BRDA:513,42,0,0
BRDA:513,42,1,0
BRDA:515,43,0,0
BRDA:515,43,1,0
BRDA:520,44,0,0
BRDA:520,44,1,0
BRDA:522,45,0,0
BRDA:522,45,1,0
BRDA:524,46,0,0
BRDA:524,46,1,0
BRDA:529,47,0,0
BRDA:529,47,1,0
BRDA:531,48,0,0
BRDA:531,48,1,0
BRDA:533,49,0,0
BRDA:533,49,1,0
BRDA:540,50,0,0
BRDA:540,50,1,0
BRDA:543,51,0,0
BRDA:543,51,1,0
BRDA:544,52,0,0
BRDA:544,52,1,0
BRF:110
BRH:64
end_of_record
TN:
SF:src\features\connections\activation.ts
FN:17,useApiActivation
FN:31,ask
FN:37,cancel
FN:43,activate
FN:72,(anonymous_4)
FNF:5
FNH:4
FNDA:127,useApiActivation
FNDA:1,ask
FNDA:0,cancel
FNDA:3,activate
FNDA:3,(anonymous_4)
DA:18,127
DA:19,127
DA:23,127
DA:25,127
DA:26,127
DA:28,127
DA:29,127
DA:32,1
DA:33,1
DA:34,1
DA:38,0
DA:39,0
DA:44,3
DA:45,3
DA:46,3
DA:47,3
DA:48,3
DA:72,3
DA:73,3
DA:74,3
DA:75,3
DA:77,0
DA:78,0
DA:80,3
DA:84,127
LF:25
LH:21
BRDA:50,0,0,2
BRDA:50,0,1,1
BRDA:54,1,0,3
BRDA:54,1,1,3
BRDA:55,2,0,3
BRDA:55,2,1,3
BRDA:56,3,0,3
BRDA:56,3,1,3
BRDA:57,4,0,3
BRDA:57,4,1,3
BRDA:58,5,0,3
BRDA:58,5,1,3
BRDA:59,6,0,3
BRDA:59,6,1,3
BRDA:60,7,0,3
BRDA:60,7,1,3
BRDA:61,8,0,3
BRDA:61,8,1,3
BRDA:62,9,0,3
BRDA:62,9,1,3
BRDA:63,10,0,3
BRDA:63,10,1,3
BRDA:64,11,0,3
BRDA:64,11,1,3
BRDA:65,12,0,3
BRDA:65,12,1,3
BRDA:66,13,0,2
BRDA:66,13,1,1
BRF:28
BRH:28
end_of_record
TN:
SF:src\features\connections\secrets.ts
FN:11,secretLabel
FN:28,secretPlaceholder
FNF:2
FNH:2
FNDA:34,secretLabel
FNDA:34,secretPlaceholder
DA:12,34
DA:14,0
DA:16,0
DA:18,0
DA:21,0
DA:23,34
DA:29,34
DA:31,0
DA:33,0
DA:35,0
DA:37,34
LF:11
LH:4
BRDA:12,0,0,0
BRDA:12,0,1,0
BRDA:12,0,2,0
BRDA:12,0,3,0
BRDA:12,0,4,0
BRDA:12,0,5,34
BRDA:29,1,0,0
BRDA:29,1,1,0
BRDA:29,1,2,0
BRDA:29,1,3,34
BRF:10
BRH:2
end_of_record
TN:
SF:src\features\dashboard\DashboardPage.tsx
FN:40,DashboardPage
FN:66,(anonymous_1)
FN:84,(anonymous_2)
FN:85,(anonymous_3)
FN:93,review
FN:154,(anonymous_5)
FN:168,(anonymous_6)
FN:197,(anonymous_7)
FN:209,(anonymous_8)
FN:210,(anonymous_9)
FN:219,(anonymous_10)
FN:233,(anonymous_11)
FN:245,ConnectionRow
FN:297,Deadline
FN:309,RecentDecision
FN:326,NeedsAttention
FN:345,(anonymous_16)
FN:366,(anonymous_17)
FNF:18
FNH:0
FNDA:0,DashboardPage
FNDA:0,(anonymous_1)
FNDA:0,(anonymous_2)
FNDA:0,(anonymous_3)
FNDA:0,review
FNDA:0,(anonymous_5)
FNDA:0,(anonymous_6)
FNDA:0,(anonymous_7)
FNDA:0,(anonymous_8)
FNDA:0,(anonymous_9)
FNDA:0,(anonymous_10)
FNDA:0,(anonymous_11)
FNDA:0,ConnectionRow
FNDA:0,Deadline
FNDA:0,RecentDecision
FNDA:0,NeedsAttention
FNDA:0,(anonymous_16)
FNDA:0,(anonymous_17)
DA:35,0
DA:38,0
DA:50,0
DA:51,0
DA:52,0
DA:54,0
DA:55,0
DA:56,0
DA:57,0
DA:59,0
DA:61,0
DA:66,0
DA:68,0
DA:79,0
DA:80,0
DA:82,0
DA:83,0
DA:84,0
DA:85,0
DA:86,0
DA:94,0
DA:95,0
DA:96,0
DA:98,0
DA:99,0
DA:109,0
DA:116,0
DA:117,0
DA:118,0
DA:127,0
DA:154,0
DA:169,0
DA:197,0
DA:210,0
DA:219,0
DA:234,0
DA:246,0
DA:247,0
DA:248,0
DA:254,0
DA:298,0
DA:310,0
DA:311,0
DA:327,0
DA:329,0
DA:330,0
DA:341,0
DA:346,0
DA:347,0
DA:366,0
LF:50
LH:0
BRDA:61,0,0,0
BRDA:61,0,1,0
BRDA:61,0,2,0
BRDA:61,0,3,0
BRDA:70,1,0,0
BRDA:70,1,1,0
BRDA:71,2,0,0
BRDA:71,2,1,0
BRDA:72,3,0,0
BRDA:72,3,1,0
BRDA:73,4,0,0
BRDA:73,4,1,0
BRDA:79,5,0,0
BRDA:79,5,1,0
BRDA:80,6,0,0
BRDA:80,6,1,0
BRDA:82,7,0,0
BRDA:82,7,1,0
BRDA:83,8,0,0
BRDA:83,8,1,0
BRDA:85,9,0,0
BRDA:85,9,1,0
BRDA:86,10,0,0
BRDA:86,10,1,0
BRDA:94,11,0,0
BRDA:94,11,1,0
BRDA:100,12,0,0
BRDA:100,12,1,0
BRDA:116,13,0,0
BRDA:116,13,1,0
BRDA:116,13,2,0
BRDA:116,13,3,0
BRDA:117,14,0,0
BRDA:117,14,1,0
BRDA:137,15,0,0
BRDA:137,15,1,0
BRDA:162,16,0,0
BRDA:162,16,1,0
BRDA:164,17,0,0
BRDA:164,17,1,0
BRDA:172,18,0,0
BRDA:172,18,1,0
BRDA:184,19,0,0
BRDA:184,19,1,0
BRDA:194,20,0,0
BRDA:194,20,1,0
BRDA:203,21,0,0
BRDA:203,21,1,0
BRDA:205,22,0,0
BRDA:205,22,1,0
BRDA:226,23,0,0
BRDA:226,23,1,0
BRDA:229,24,0,0
BRDA:229,24,1,0
BRDA:248,25,0,0
BRDA:248,25,1,0
BRDA:250,26,0,0
BRDA:250,26,1,0
BRDA:271,27,0,0
BRDA:271,27,1,0
BRDA:281,28,0,0
BRDA:281,28,1,0
BRDA:317,29,0,0
BRDA:317,29,1,0
BRDA:329,30,0,0
BRDA:329,30,1,0
BRDA:346,31,0,0
BRDA:346,31,1,0
BRDA:352,32,0,0
BRDA:352,32,1,0
BRDA:363,33,0,0
BRDA:363,33,1,0
BRF:72
BRH:0
end_of_record
TN:
SF:src\features\docs\AgentsPage.tsx
FN:31,AgentsPage
FN:40,(anonymous_1)
FN:72,(anonymous_2)
FN:76,(anonymous_3)
FN:83,(anonymous_4)
FN:108,(anonymous_5)
FN:110,(anonymous_6)
FN:128,(anonymous_7)
FN:178,Section
FN:195,estimateTokens
FN:200,download
FNF:11
FNH:0
FNDA:0,AgentsPage
FNDA:0,(anonymous_1)
FNDA:0,(anonymous_2)
FNDA:0,(anonymous_3)
FNDA:0,(anonymous_4)
FNDA:0,(anonymous_5)
FNDA:0,(anonymous_6)
FNDA:0,(anonymous_7)
FNDA:0,Section
FNDA:0,estimateTokens
FNDA:0,download
DA:32,0
DA:35,0
DA:36,0
DA:37,0
DA:38,0
DA:40,0
DA:41,0
DA:48,0
DA:49,0
DA:50,0
DA:57,0
DA:58,0
DA:69,0
DA:72,0
DA:75,0
DA:76,0
DA:78,0
DA:83,0
DA:87,0
DA:88,0
DA:90,0
DA:108,0
DA:111,0
DA:128,0
DA:179,0
DA:196,0
DA:201,0
DA:202,0
DA:203,0
DA:204,0
DA:205,0
DA:206,0
LF:32
LH:0
BRDA:42,0,0,0
BRDA:42,0,1,0
BRDA:43,1,0,0
BRDA:43,1,1,0
BRDA:44,2,0,0
BRDA:44,2,1,0
BRDA:45,3,0,0
BRDA:45,3,1,0
BRDA:50,4,0,0
BRDA:50,4,1,0
BRDA:57,5,0,0
BRDA:57,5,1,0
BRDA:57,6,0,0
BRDA:57,6,1,0
BRDA:76,7,0,0
BRDA:76,7,1,0
BRDA:78,8,0,0
BRDA:78,8,1,0
BRDA:99,9,0,0
BRDA:99,9,1,0
BRDA:100,10,0,0
BRDA:100,10,1,0
BRDA:101,11,0,0
BRDA:101,11,1,0
BRDA:107,12,0,0
BRDA:107,12,1,0
BRDA:125,13,0,0
BRDA:125,13,1,0
BRF:28
BRH:0
end_of_record
TN:
SF:src\features\docs\DocsPage.tsx
FN:37,DocsPage
FN:46,(anonymous_1)
FN:49,(anonymous_2)
FN:50,(anonymous_3)
FN:55,(anonymous_4)
FN:94,(anonymous_5)
FN:96,(anonymous_6)
FN:226,Doc
FN:239,(anonymous_8)
FN:245,Terms
FN:254,(anonymous_10)
FN:274,Code
FN:283,(anonymous_12)
FN:294,isComment
FN:300,Tabs
FN:304,(anonymous_15)
FN:309,(anonymous_16)
FN:312,(anonymous_17)
FN:324,(anonymous_18)
FN:334,Contents
FN:340,(anonymous_20)
FN:364,useActiveSection
FN:367,(anonymous_22)
FN:369,(anonymous_23)
FN:372,(anonymous_24)
FN:382,(anonymous_25)
FNF:26
FNH:0
FNDA:0,DocsPage
FNDA:0,(anonymous_1)
FNDA:0,(anonymous_2)
FNDA:0,(anonymous_3)
FNDA:0,(anonymous_4)
FNDA:0,(anonymous_5)
FNDA:0,(anonymous_6)
FNDA:0,Doc
FNDA:0,(anonymous_8)
FNDA:0,Terms
FNDA:0,(anonymous_10)
FNDA:0,Code
FNDA:0,(anonymous_12)
FNDA:0,isComment
FNDA:0,Tabs
FNDA:0,(anonymous_15)
FNDA:0,(anonymous_16)
FNDA:0,(anonymous_17)
FNDA:0,(anonymous_18)
FNDA:0,Contents
FNDA:0,(anonymous_20)
FNDA:0,useActiveSection
FNDA:0,(anonymous_22)
FNDA:0,(anonymous_23)
FNDA:0,(anonymous_24)
FNDA:0,(anonymous_25)
DA:34,0
DA:38,0
DA:41,0
DA:42,0
DA:43,0
DA:44,0
DA:46,0
DA:48,0
DA:49,0
DA:50,0
DA:54,0
DA:55,0
DA:57,0
DA:68,0
DA:70,0
DA:94,0
DA:97,0
DA:227,0
DA:228,0
DA:239,0
DA:252,0
DA:255,0
DA:275,0
DA:284,0
DA:295,0
DA:296,0
DA:301,0
DA:302,0
DA:303,0
DA:304,0
DA:306,0
DA:310,0
DA:312,0
DA:325,0
DA:335,0
DA:336,0
DA:341,0
DA:365,0
DA:367,0
DA:368,0
DA:369,0
DA:371,0
DA:372,0
DA:373,0
DA:378,0
DA:379,0
DA:380,0
DA:382,0
DA:385,0
LF:49
LH:0
BRDA:48,0,0,0
BRDA:48,0,1,0
BRDA:48,1,0,0
BRDA:48,1,1,0
BRDA:48,2,0,0
BRDA:48,2,1,0
BRDA:48,3,0,0
BRDA:48,3,1,0
BRDA:55,4,0,0
BRDA:55,4,1,0
BRDA:57,5,0,0
BRDA:57,5,1,0
BRDA:80,6,0,0
BRDA:80,6,1,0
BRDA:81,7,0,0
BRDA:81,7,1,0
BRDA:82,8,0,0
BRDA:82,8,1,0
BRDA:93,9,0,0
BRDA:93,9,1,0
BRDA:247,10,0,0
BRDA:256,11,0,0
BRDA:256,11,1,0
BRDA:258,12,0,0
BRDA:258,12,1,0
BRDA:284,13,0,0
BRDA:284,13,1,0
BRDA:285,14,0,0
BRDA:285,14,1,0
BRDA:296,15,0,0
BRDA:296,15,1,0
BRDA:304,16,0,0
BRDA:304,16,1,0
BRDA:315,17,0,0
BRDA:315,17,1,0
BRDA:344,18,0,0
BRDA:344,18,1,0
BRDA:346,19,0,0
BRDA:346,19,1,0
BRDA:373,20,0,0
BRDA:373,20,1,0
BRDA:380,21,0,0
BRDA:380,21,1,0
BRF:43
BRH:0
end_of_record
TN:
SF:src\features\docs\agentFile.ts
FN:53,agentFile
FN:168,apiList
FN:172,(anonymous_2)
FN:191,conversionNote
FN:192,(anonymous_4)
FNF:5
FNH:0
FNDA:0,agentFile
FNDA:0,apiList
FNDA:0,(anonymous_2)
FNDA:0,conversionNote
FNDA:0,(anonymous_4)
DA:21,0
DA:46,0
DA:54,0
DA:169,0
DA:171,0
DA:173,0
DA:179,0
DA:192,0
DA:194,0
LF:9
LH:0
BRDA:151,0,0,0
BRDA:151,0,1,0
BRDA:169,1,0,0
BRDA:169,1,1,0
BRDA:174,2,0,0
BRDA:174,2,1,0
BRDA:175,3,0,0
BRDA:175,3,1,0
BRDA:176,4,0,0
BRDA:176,4,1,0
BRDA:177,5,0,0
BRDA:177,5,1,0
BRDA:179,6,0,0
BRDA:179,6,1,0
BRDA:192,7,0,0
BRDA:192,7,1,0
BRF:16
BRH:0
end_of_record
TN:
SF:src\features\docs\parts.tsx
FN:16,prose
FN:19,(anonymous_1)
FN:30,Steps
FN:33,(anonymous_3)
FN:43,Bullet
FN:52,Note
FNF:6
FNH:0
FNDA:0,prose
FNDA:0,(anonymous_1)
FNDA:0,Steps
FNDA:0,(anonymous_3)
FNDA:0,Bullet
FNDA:0,Note
DA:17,0
DA:18,0
DA:19,0
DA:20,0
DA:31,0
DA:34,0
DA:44,0
DA:53,0
LF:8
LH:0
BRDA:18,0,0,0
BRDA:18,0,1,0
BRDA:20,1,0,0
BRDA:20,1,1,0
BRF:4
BRH:0
end_of_record
TN:
SF:src\features\docs\samples.ts
FN:31,toCamel
FN:35,(anonymous_1)
FN:39,gatewayUrl
FN:44,environmentSample
FN:55,firstRequestSample
FN:70,tokenSample
FN:86,samples
FNF:7
FNH:0
FNDA:0,toCamel
FNDA:0,(anonymous_1)
FNDA:0,gatewayUrl
FNDA:0,environmentSample
FNDA:0,firstRequestSample
FNDA:0,tokenSample
FNDA:0,samples
DA:23,0
DA:32,0
DA:33,0
DA:34,0
DA:35,0
DA:40,0
DA:45,0
DA:56,0
DA:71,0
DA:87,0
DA:88,0
DA:90,0
LF:12
LH:0
BRDA:33,0,0,0
BRDA:33,0,1,0
BRDA:35,1,0,0
BRDA:35,1,1,0
BRF:4
BRH:0
end_of_record
TN:
SF:src\features\notifications\NotificationsMenu.tsx
FN:28,StageIcon
FN:34,NotificationsMenu
FN:44,(anonymous_2)
FN:62,(anonymous_3)
FN:62,(anonymous_4)
FN:90,(anonymous_5)
FN:107,(anonymous_6)
FN:126,(anonymous_7)
FN:139,(anonymous_8)
FNF:9
FNH:0
FNDA:0,StageIcon
FNDA:0,NotificationsMenu
FNDA:0,(anonymous_2)
FNDA:0,(anonymous_3)
FNDA:0,(anonymous_4)
FNDA:0,(anonymous_5)
FNDA:0,(anonymous_6)
FNDA:0,(anonymous_7)
FNDA:0,(anonymous_8)
DA:22,0
DA:29,0
DA:30,0
DA:31,0
DA:35,0
DA:36,0
DA:37,0
DA:38,0
DA:40,0
DA:41,0
DA:42,0
DA:44,0
DA:48,0
DA:49,0
DA:50,0
DA:52,0
DA:62,0
DA:90,0
DA:108,0
DA:126,0
DA:140,0
DA:141,0
LF:22
LH:0
BRDA:30,0,0,0
BRDA:30,0,1,0
BRDA:48,1,0,0
BRDA:48,1,1,0
BRDA:49,2,0,0
BRDA:49,2,1,0
BRDA:50,3,0,0
BRDA:50,3,1,0
BRDA:60,4,0,0
BRDA:60,4,1,0
BRDA:65,5,0,0
BRDA:65,5,1,0
BRDA:70,6,0,0
BRDA:70,6,1,0
BRDA:75,7,0,0
BRDA:75,7,1,0
BRDA:86,8,0,0
BRDA:86,8,1,0
BRDA:97,9,0,0
BRDA:97,9,1,0
BRDA:111,10,0,0
BRDA:111,10,1,0
BRDA:135,11,0,0
BRDA:135,11,1,0
BRDA:135,11,2,0
BRF:25
BRH:0
end_of_record
TN:
SF:src\features\registry\ApplicationsPage.tsx
FN:58,ApplicationsPage
FN:96,(anonymous_1)
FN:99,(anonymous_2)
FN:100,(anonymous_3)
FN:111,(anonymous_4)
FN:112,(anonymous_5)
FN:120,(anonymous_6)
FN:121,(anonymous_7)
FN:128,(anonymous_8)
FN:136,(anonymous_9)
FN:141,(anonymous_10)
FN:142,(anonymous_11)
FN:145,open
FN:150,close
FN:156,submit
FN:167,(anonymous_15)
FN:183,(anonymous_16)
FN:184,(anonymous_17)
FN:187,(anonymous_18)
FN:194,(anonymous_19)
FN:194,(anonymous_20)
FN:199,(anonymous_21)
FN:200,(anonymous_22)
FN:201,(anonymous_23)
FN:227,(anonymous_24)
FN:239,act
FN:252,(anonymous_26)
FN:265,(anonymous_27)
FN:271,(anonymous_28)
FN:276,(anonymous_29)
FN:291,(anonymous_30)
FN:298,(anonymous_31)
FN:341,(anonymous_32)
FN:347,(anonymous_33)
FN:349,(anonymous_34)
FN:350,(anonymous_35)
FN:355,(anonymous_36)
FN:375,(anonymous_37)
FN:375,(anonymous_38)
FN:380,(anonymous_39)
FN:454,(anonymous_40)
FN:470,(anonymous_41)
FN:470,(anonymous_42)
FN:510,(anonymous_43)
FN:536,(anonymous_44)
FN:552,(anonymous_45)
FN:553,(anonymous_46)
FN:558,(anonymous_47)
FN:561,(anonymous_48)
FNF:49
FNH:24
FNDA:8,ApplicationsPage
FNDA:5,(anonymous_1)
FNDA:0,(anonymous_2)
FNDA:0,(anonymous_3)
FNDA:8,(anonymous_4)
FNDA:4,(anonymous_5)
FNDA:2,(anonymous_6)
FNDA:2,(anonymous_7)
FNDA:0,(anonymous_8)
FNDA:0,(anonymous_9)
FNDA:0,(anonymous_10)
FNDA:0,(anonymous_11)
FNDA:1,open
FNDA:1,close
FNDA:1,submit
FNDA:1,(anonymous_15)
FNDA:0,(anonymous_16)
FNDA:0,(anonymous_17)
FNDA:2,(anonymous_18)
FNDA:2,(anonymous_19)
FNDA:2,(anonymous_20)
FNDA:0,(anonymous_21)
FNDA:0,(anonymous_22)
FNDA:1,(anonymous_23)
FNDA:0,(anonymous_24)
FNDA:0,act
FNDA:0,(anonymous_26)
FNDA:5,(anonymous_27)
FNDA:5,(anonymous_28)
FNDA:0,(anonymous_29)
FNDA:5,(anonymous_30)
FNDA:5,(anonymous_31)
FNDA:5,(anonymous_32)
FNDA:5,(anonymous_33)
FNDA:0,(anonymous_34)
FNDA:0,(anonymous_35)
FNDA:1,(anonymous_36)
FNDA:0,(anonymous_37)
FNDA:0,(anonymous_38)
FNDA:0,(anonymous_39)
FNDA:8,(anonymous_40)
FNDA:1,(anonymous_41)
FNDA:1,(anonymous_42)
FNDA:0,(anonymous_43)
FNDA:0,(anonymous_44)
FNDA:0,(anonymous_45)
FNDA:0,(anonymous_46)
FNDA:0,(anonymous_47)
FNDA:0,(anonymous_48)
DA:59,8
DA:60,8
DA:61,8
DA:63,8
DA:64,8
DA:65,8
DA:66,8
DA:67,8
DA:68,8
DA:69,8
DA:70,8
DA:71,8
DA:72,8
DA:73,8
DA:75,8
DA:76,8
DA:77,8
DA:78,8
DA:79,8
DA:80,8
DA:82,8
DA:85,8
DA:87,8
DA:88,8
DA:96,8
DA:97,5
DA:99,0
DA:100,0
DA:102,5
DA:105,5
DA:106,6
DA:107,6
DA:110,5
DA:111,8
DA:112,4
DA:120,8
DA:121,2
DA:122,2
DA:123,2
DA:124,0
DA:125,0
DA:126,0
DA:128,2
DA:129,2
DA:136,8
DA:137,0
DA:141,0
DA:142,0
DA:146,1
DA:147,1
DA:151,1
DA:152,1
DA:153,1
DA:157,1
DA:158,1
DA:159,1
DA:167,1
DA:170,1
DA:171,1
DA:173,1
DA:174,1
DA:175,1
DA:176,1
DA:178,0
DA:179,0
DA:180,0
DA:183,1
DA:184,1
DA:187,1
DA:188,2
DA:194,2
DA:196,1
DA:197,1
DA:199,0
DA:200,0
DA:202,1
DA:203,1
DA:217,1
DA:218,0
DA:219,0
DA:221,0
DA:227,0
DA:228,0
DA:231,1
DA:232,1
DA:234,0
DA:240,0
DA:241,0
DA:242,0
DA:244,0
DA:252,8
DA:258,8
DA:265,5
DA:272,5
DA:273,5
DA:274,0
DA:277,0
DA:291,5
DA:299,5
DA:311,8
DA:341,5
DA:348,5
DA:349,5
DA:350,0
DA:351,0
DA:352,0
DA:354,5
DA:355,1
DA:375,0
DA:378,5
DA:380,0
DA:456,8
DA:461,8
DA:470,1
DA:510,0
DA:537,0
DA:552,0
DA:554,0
DA:555,0
DA:558,0
DA:561,0
LF:121
LH:84
BRDA:87,0,0,8
BRDA:87,0,1,1
BRDA:88,1,0,4
BRDA:88,1,1,4
BRDA:98,2,0,5
BRDA:98,2,1,1
BRDA:105,3,0,5
BRDA:105,3,1,1
BRDA:106,4,0,6
BRDA:106,4,1,0
BRDA:106,5,0,6
BRDA:106,5,1,0
BRDA:110,6,0,5
BRDA:110,6,1,1
BRDA:121,7,0,2
BRDA:121,7,1,1
BRDA:123,8,0,2
BRDA:123,8,1,1
BRDA:124,9,0,0
BRDA:124,9,1,0
BRDA:139,10,0,0
BRDA:139,10,1,0
BRDA:141,11,0,0
BRDA:141,11,1,0
BRDA:160,12,0,1
BRDA:160,12,1,0
BRDA:161,13,0,1
BRDA:161,13,1,1
BRDA:161,14,0,1
BRDA:161,14,1,0
BRDA:165,15,0,1
BRDA:165,15,1,0
BRDA:174,16,0,1
BRDA:174,16,1,0
BRDA:183,17,0,1
BRDA:183,17,1,0
BRDA:188,18,0,2
BRDA:188,18,1,2
BRDA:199,19,0,0
BRDA:199,19,1,0
BRDA:208,20,0,1
BRDA:208,20,1,1
BRDA:209,21,0,1
BRDA:209,21,1,1
BRDA:213,22,0,1
BRDA:213,22,1,1
BRDA:214,23,0,1
BRDA:214,23,1,1
BRDA:215,24,0,1
BRDA:215,24,1,1
BRDA:217,25,0,1
BRDA:217,25,1,0
BRDA:218,26,0,0
BRDA:218,26,1,0
BRDA:218,27,0,0
BRDA:218,27,1,0
BRDA:227,28,0,0
BRDA:227,28,1,0
BRDA:232,29,0,0
BRDA:232,29,1,1
BRDA:265,30,0,5
BRDA:265,30,1,5
BRDA:272,31,0,5
BRDA:272,31,1,5
BRDA:273,32,0,5
BRDA:273,32,1,0
BRDA:281,33,0,0
BRDA:281,33,1,0
BRDA:300,34,0,0
BRDA:300,34,1,5
BRDA:303,35,0,5
BRDA:303,35,1,0
BRDA:319,36,0,8
BRDA:319,36,1,0
BRDA:320,37,0,8
BRDA:320,37,1,0
BRDA:322,38,0,1
BRDA:322,38,1,7
BRDA:324,39,0,0
BRDA:324,39,1,7
BRDA:334,40,0,0
BRDA:334,40,1,7
BRDA:356,41,0,0
BRDA:356,41,1,5
BRDA:384,42,0,5
BRDA:384,42,1,0
BRDA:411,43,0,8
BRDA:411,43,1,4
BRDA:413,44,0,4
BRDA:413,44,1,0
BRDA:414,45,0,4
BRDA:414,45,1,0
BRDA:419,46,0,4
BRDA:419,46,1,0
BRDA:448,47,0,0
BRDA:448,47,1,4
BRDA:456,48,0,8
BRDA:456,48,1,6
BRDA:456,48,2,6
BRDA:475,49,0,8
BRDA:475,49,1,2
BRDA:490,50,0,4
BRDA:490,50,1,0
BRDA:490,50,2,0
BRDA:500,51,0,4
BRDA:500,51,1,0
BRDA:506,52,0,8
BRDA:506,52,1,0
BRDA:532,53,0,0
BRDA:532,53,1,0
BRDA:532,54,0,0
BRDA:532,54,1,0
BRDA:536,55,0,0
BRDA:536,55,1,0
BRDA:540,56,0,0
BRDA:540,56,1,0
BRDA:550,57,0,8
BRDA:550,57,1,0
BRDA:561,58,0,8
BRDA:561,58,1,0
BRF:120
BRH:68
end_of_record
TN:
SF:src\features\registry\CredentialsPage.tsx
FN:65,CredentialsPage
FN:86,(anonymous_1)
FN:87,(anonymous_2)
FN:91,(anonymous_3)
FN:110,(anonymous_4)
FN:111,(anonymous_5)
FN:116,close
FN:121,openApi
FN:129,contract
FN:141,credentialInput
FN:156,toggle
FN:157,(anonymous_11)
FN:171,submitCredential
FN:188,submitApi
FN:230,act
FN:245,(anonymous_15)
FN:251,(anonymous_16)
FN:257,(anonymous_17)
FN:264,(anonymous_18)
FN:272,(anonymous_19)
FN:307,(anonymous_20)
FN:314,(anonymous_21)
FN:326,(anonymous_22)
FN:326,(anonymous_23)
FN:335,(anonymous_24)
FN:339,(anonymous_25)
FN:346,(anonymous_26)
FN:356,(anonymous_27)
FN:356,(anonymous_28)
FN:363,(anonymous_29)
FN:370,(anonymous_30)
FN:376,(anonymous_31)
FN:466,(anonymous_32)
FN:467,(anonymous_33)
FN:483,(anonymous_34)
FN:495,(anonymous_35)
FN:508,(anonymous_36)
FN:511,(anonymous_37)
FN:515,(anonymous_38)
FNF:39
FNH:0
FNDA:0,CredentialsPage
FNDA:0,(anonymous_1)
FNDA:0,(anonymous_2)
FNDA:0,(anonymous_3)
FNDA:0,(anonymous_4)
FNDA:0,(anonymous_5)
FNDA:0,close
FNDA:0,openApi
FNDA:0,contract
FNDA:0,credentialInput
FNDA:0,toggle
FNDA:0,(anonymous_11)
FNDA:0,submitCredential
FNDA:0,submitApi
FNDA:0,act
FNDA:0,(anonymous_15)
FNDA:0,(anonymous_16)
FNDA:0,(anonymous_17)
FNDA:0,(anonymous_18)
FNDA:0,(anonymous_19)
FNDA:0,(anonymous_20)
FNDA:0,(anonymous_21)
FNDA:0,(anonymous_22)
FNDA:0,(anonymous_23)
FNDA:0,(anonymous_24)
FNDA:0,(anonymous_25)
FNDA:0,(anonymous_26)
FNDA:0,(anonymous_27)
FNDA:0,(anonymous_28)
FNDA:0,(anonymous_29)
FNDA:0,(anonymous_30)
FNDA:0,(anonymous_31)
FNDA:0,(anonymous_32)
FNDA:0,(anonymous_33)
FNDA:0,(anonymous_34)
FNDA:0,(anonymous_35)
FNDA:0,(anonymous_36)
FNDA:0,(anonymous_37)
FNDA:0,(anonymous_38)
DA:47,0
DA:66,0
DA:67,0
DA:68,0
DA:69,0
DA:70,0
DA:72,0
DA:73,0
DA:74,0
DA:75,0
DA:76,0
DA:77,0
DA:80,0
DA:82,0
DA:83,0
DA:84,0
DA:86,0
DA:87,0
DA:88,0
DA:89,0
DA:91,0
DA:94,0
DA:95,0
DA:96,0
DA:97,0
DA:98,0
DA:99,0
DA:100,0
DA:101,0
DA:108,0
DA:110,0
DA:111,0
DA:114,0
DA:117,0
DA:118,0
DA:122,0
DA:123,0
DA:124,0
DA:125,0
DA:130,0
DA:142,0
DA:143,0
DA:157,0
DA:158,0
DA:172,0
DA:173,0
DA:174,0
DA:175,0
DA:176,0
DA:177,0
DA:178,0
DA:180,0
DA:182,0
DA:184,0
DA:189,0
DA:190,0
DA:191,0
DA:220,0
DA:221,0
DA:222,0
DA:223,0
DA:225,0
DA:231,0
DA:232,0
DA:233,0
DA:235,0
DA:239,0
DA:245,0
DA:251,0
DA:258,0
DA:265,0
DA:266,0
DA:271,0
DA:272,0
DA:278,0
DA:307,0
DA:315,0
DA:316,0
DA:317,0
DA:318,0
DA:326,0
DA:329,0
DA:330,0
DA:336,0
DA:339,0
DA:346,0
DA:356,0
DA:360,0
DA:363,0
DA:370,0
DA:376,0
DA:466,0
DA:467,0
DA:483,0
DA:495,0
DA:508,0
DA:512,0
DA:513,0
DA:515,0
LF:99
LH:0
BRDA:111,0,0,0
BRDA:111,0,1,0
BRDA:114,1,0,0
BRDA:114,1,1,0
BRDA:123,2,0,0
BRDA:123,2,1,0
BRDA:133,3,0,0
BRDA:133,3,1,0
BRDA:134,4,0,0
BRDA:134,4,1,0
BRDA:135,5,0,0
BRDA:135,5,1,0
BRDA:136,6,0,0
BRDA:136,6,1,0
BRDA:137,7,0,0
BRDA:137,7,1,0
BRDA:142,8,0,0
BRDA:142,8,1,0
BRDA:146,9,0,0
BRDA:146,9,1,0
BRDA:147,10,0,0
BRDA:147,10,1,0
BRDA:164,11,0,0
BRDA:164,11,1,0
BRDA:173,12,0,0
BRDA:173,12,1,0
BRDA:173,13,0,0
BRDA:173,13,1,0
BRDA:173,13,2,0
BRDA:177,14,0,0
BRDA:177,14,1,0
BRDA:190,15,0,0
BRDA:190,15,1,0
BRDA:190,16,0,0
BRDA:190,16,1,0
BRDA:192,17,0,0
BRDA:192,17,1,0
BRDA:193,18,0,0
BRDA:193,18,1,0
BRDA:194,19,0,0
BRDA:194,19,1,0
BRDA:200,20,0,0
BRDA:200,20,1,0
BRDA:202,21,0,0
BRDA:202,21,1,0
BRDA:202,22,0,0
BRDA:202,22,1,0
BRDA:203,23,0,0
BRDA:203,23,1,0
BRDA:204,24,0,0
BRDA:204,24,1,0
BRDA:206,25,0,0
BRDA:206,25,1,0
BRDA:206,26,0,0
BRDA:206,26,1,0
BRDA:207,27,0,0
BRDA:207,27,1,0
BRDA:207,28,0,0
BRDA:207,28,1,0
BRDA:208,29,0,0
BRDA:208,29,1,0
BRDA:208,30,0,0
BRDA:208,30,1,0
BRDA:209,31,0,0
BRDA:209,31,1,0
BRDA:209,32,0,0
BRDA:209,32,1,0
BRDA:210,33,0,0
BRDA:210,33,1,0
BRDA:210,34,0,0
BRDA:210,34,1,0
BRDA:213,35,0,0
BRDA:213,35,1,0
BRDA:213,36,0,0
BRDA:213,36,1,0
BRDA:213,37,0,0
BRDA:213,37,1,0
BRDA:214,38,0,0
BRDA:214,38,1,0
BRDA:214,39,0,0
BRDA:214,39,1,0
BRDA:214,40,0,0
BRDA:214,40,1,0
BRDA:215,41,0,0
BRDA:215,41,1,0
BRDA:215,42,0,0
BRDA:215,42,1,0
BRDA:215,43,0,0
BRDA:215,43,1,0
BRDA:216,44,0,0
BRDA:216,44,1,0
BRDA:217,45,0,0
BRDA:217,45,1,0
BRDA:217,46,0,0
BRDA:217,46,1,0
BRDA:258,47,0,0
BRDA:258,47,1,0
BRDA:266,48,0,0
BRDA:266,48,1,0
BRDA:271,49,0,0
BRDA:271,49,1,0
BRDA:281,50,0,0
BRDA:281,50,1,0
BRDA:290,51,0,0
BRDA:290,51,1,0
BRDA:297,52,0,0
BRDA:297,52,1,0
BRDA:298,53,0,0
BRDA:298,53,1,0
BRDA:298,54,0,0
BRDA:298,54,1,0
BRDA:300,55,0,0
BRDA:300,55,1,0
BRDA:317,56,0,0
BRDA:317,56,1,0
BRDA:329,57,0,0
BRDA:329,57,1,0
BRDA:362,58,0,0
BRDA:362,58,1,0
BRDA:362,59,0,0
BRDA:362,59,1,0
BRDA:364,60,0,0
BRDA:364,60,1,0
BRDA:367,61,0,0
BRDA:367,61,1,0
BRDA:387,62,0,0
BRDA:387,62,1,0
BRDA:388,63,0,0
BRDA:388,63,1,0
BRDA:389,64,0,0
BRDA:389,64,1,0
BRDA:397,65,0,0
BRDA:397,65,1,0
BRDA:397,65,2,0
BRDA:397,65,3,0
BRDA:399,66,0,0
BRDA:399,66,1,0
BRDA:405,67,0,0
BRDA:405,67,1,0
BRDA:412,68,0,0
BRDA:412,68,1,0
BRDA:415,69,0,0
BRDA:415,69,1,0
BRDA:420,70,0,0
BRDA:420,70,1,0
BRDA:420,71,0,0
BRDA:420,71,1,0
BRDA:421,72,0,0
BRDA:421,72,1,0
BRDA:428,73,0,0
BRDA:428,73,1,0
BRDA:436,74,0,0
BRDA:436,74,1,0
BRDA:443,75,0,0
BRDA:443,75,1,0
BRDA:454,76,0,0
BRDA:454,76,1,0
BRDA:454,76,2,0
BRDA:469,77,0,0
BRDA:469,77,1,0
BRDA:470,78,0,0
BRDA:470,78,1,0
BRDA:471,79,0,0
BRDA:471,79,1,0
BRDA:475,80,0,0
BRDA:475,80,1,0
BRDA:485,81,0,0
BRDA:485,81,1,0
BRDA:490,82,0,0
BRDA:490,82,1,0
BRDA:493,83,0,0
BRDA:493,83,1,0
BRDA:494,84,0,0
BRDA:494,84,1,0
BRDA:495,85,0,0
BRDA:495,85,1,0
BRDA:496,86,0,0
BRDA:496,86,1,0
BRDA:497,87,0,0
BRDA:497,87,1,0
BRDA:499,88,0,0
BRDA:499,88,1,0
BRDA:500,89,0,0
BRDA:500,89,1,0
BRDA:501,90,0,0
BRDA:501,90,1,0
BRDA:506,91,0,0
BRDA:506,91,1,0
BRF:188
BRH:0
end_of_record
TN:
SF:src\hooks\useCopy.ts
FN:4,useCopy
FN:6,(anonymous_1)
FN:8,(anonymous_2)
FN:9,(anonymous_3)
FN:13,(anonymous_4)
FNF:5
FNH:2
FNDA:11,useCopy
FNDA:11,(anonymous_1)
FNDA:0,(anonymous_2)
FNDA:0,(anonymous_3)
FNDA:0,(anonymous_4)
DA:5,11
DA:6,11
DA:7,11
DA:8,0
DA:9,0
DA:11,11
DA:14,0
DA:15,0
DA:16,0
LF:9
LH:4
BRDA:7,0,0,11
BRDA:7,0,1,0
BRF:2
BRH:1
end_of_record
TN:
SF:src\hooks\useDismiss.ts
FN:15,useDismiss
FN:23,(anonymous_1)
FN:26,(anonymous_2)
FN:33,(anonymous_3)
FN:41,(anonymous_4)
FNF:5
FNH:5
FNDA:44,useDismiss
FNDA:26,(anonymous_1)
FNDA:4,(anonymous_2)
FNDA:1,(anonymous_3)
FNDA:6,(anonymous_4)
DA:21,44
DA:23,44
DA:24,26
DA:26,6
DA:27,4
DA:31,4
DA:33,6
DA:34,1
DA:35,1
DA:36,1
DA:39,6
DA:40,6
DA:41,6
DA:42,6
DA:43,6
LF:15
LH:15
BRDA:24,0,0,20
BRDA:24,0,1,6
BRDA:31,1,0,0
BRDA:31,1,1,4
BRDA:31,2,0,4
BRDA:31,2,1,0
BRDA:34,3,0,0
BRDA:34,3,1,1
BRF:8
BRH:5
end_of_record
TN:
SF:src\hooks\useFocusTrap.ts
FN:7,useFocusTrap
FN:8,(anonymous_1)
FN:11,(anonymous_2)
FN:13,(anonymous_3)
FN:26,(anonymous_4)
FNF:5
FNH:4
FNDA:289,useFocusTrap
FNDA:17,(anonymous_1)
FNDA:220,(anonymous_2)
FNDA:0,(anonymous_3)
FNDA:17,(anonymous_4)
DA:4,5
DA:8,289
DA:9,17
DA:10,17
DA:11,17
DA:12,220
DA:13,0
DA:14,0
DA:15,0
DA:16,0
DA:17,0
DA:18,0
DA:19,0
DA:20,0
DA:21,0
DA:22,0
DA:25,17
DA:26,17
LF:18
LH:8
BRDA:10,0,0,0
BRDA:10,0,1,17
BRDA:12,1,0,220
BRDA:12,1,1,0
BRDA:14,2,0,0
BRDA:14,2,1,0
BRDA:17,3,0,0
BRDA:17,3,1,0
BRDA:17,4,0,0
BRDA:17,4,1,0
BRDA:20,5,0,0
BRDA:20,5,1,0
BRDA:20,6,0,0
BRDA:20,6,1,0
BRF:14
BRH:2
end_of_record
TN:
SF:src\hooks\useListView.ts
FN:17,useListView
FN:26,(anonymous_1)
FN:36,(anonymous_2)
FNF:3
FNH:1
FNDA:8,useListView
FNDA:0,(anonymous_1)
FNDA:0,(anonymous_2)
DA:4,1
DA:22,8
DA:23,8
DA:25,8
DA:26,8
DA:27,8
DA:31,8
DA:33,8
DA:37,0
DA:38,0
LF:10
LH:8
BRDA:20,0,0,8
BRDA:26,1,0,0
BRDA:26,1,1,8
BRF:3
BRH:2
end_of_record
TN:
SF:src\hooks\useMediaQuery.ts
FN:13,listFor
FN:23,useMediaQuery
FN:24,(anonymous_2)
FN:28,(anonymous_3)
FN:33,(anonymous_4)
FN:35,(anonymous_5)
FNF:6
FNH:5
FNDA:24,listFor
FNDA:9,useMediaQuery
FNDA:3,(anonymous_2)
FNDA:3,(anonymous_3)
FNDA:21,(anonymous_4)
FNDA:0,(anonymous_5)
DA:11,5
DA:14,24
DA:15,24
DA:16,24
DA:17,1
DA:18,1
DA:20,24
DA:24,9
DA:26,3
DA:27,3
DA:28,3
DA:33,21
DA:35,9
DA:38,5
LF:14
LH:14
BRDA:14,0,0,0
BRDA:14,0,1,24
BRDA:16,1,0,1
BRDA:16,1,1,23
BRDA:33,2,0,21
BRDA:33,2,1,0
BRF:6
BRH:4
end_of_record
TN:
SF:src\i18n\index.tsx
FN:23,read
FN:24,(anonymous_1)
FN:31,fill
FN:33,(anonymous_3)
FN:38,detect
FN:68,I18nProvider
FN:69,(anonymous_6)
FN:71,(anonymous_7)
FN:75,(anonymous_8)
FN:80,(anonymous_9)
FN:82,(anonymous_10)
FN:110,(anonymous_11)
FN:119,(anonymous_12)
FN:123,(anonymous_13)
FN:124,(anonymous_14)
FN:125,(anonymous_15)
FN:126,(anonymous_16)
FN:127,(anonymous_17)
FN:140,useI18n
FNF:19
FNH:14
FNDA:5108,read
FNDA:10216,(anonymous_1)
FNDA:5079,fill
FNDA:613,(anonymous_3)
FNDA:29,detect
FNDA:29,I18nProvider
FNDA:29,(anonymous_6)
FNDA:29,(anonymous_7)
FNDA:0,(anonymous_8)
FNDA:29,(anonymous_9)
FNDA:5079,(anonymous_10)
FNDA:0,(anonymous_11)
FNDA:29,(anonymous_12)
FNDA:5,(anonymous_13)
FNDA:0,(anonymous_14)
FNDA:0,(anonymous_15)
FNDA:0,(anonymous_16)
FNDA:5,(anonymous_17)
FNDA:1406,useI18n
DA:5,5
DA:8,5
DA:13,5
DA:14,5
DA:24,5108
DA:25,10216
DA:26,0
DA:28,5108
DA:32,5079
DA:33,311
DA:34,613
DA:39,29
DA:40,29
DA:41,29
DA:42,29
DA:43,29
DA:44,29
DA:46,0
DA:66,5
DA:69,29
DA:71,29
DA:72,29
DA:75,29
DA:76,0
DA:77,0
DA:80,29
DA:81,29
DA:82,29
DA:83,5079
DA:85,29
DA:86,29
DA:94,29
DA:95,29
DA:96,29
DA:97,29
DA:98,29
DA:106,29
DA:111,0
DA:113,0
DA:117,0
DA:120,29
DA:123,5
DA:124,0
DA:125,0
DA:126,0
DA:128,5
DA:129,5
DA:130,15
DA:132,0
DA:137,29
DA:141,1406
DA:142,1406
DA:143,1406
LF:53
LH:42
BRDA:25,0,0,10216
BRDA:25,0,1,0
BRDA:25,1,0,10216
BRDA:25,1,1,10216
BRDA:25,1,2,10216
BRDA:28,2,0,5108
BRDA:28,2,1,0
BRDA:32,3,0,4768
BRDA:32,3,1,311
BRDA:34,4,0,613
BRDA:34,4,1,0
BRDA:40,5,0,0
BRDA:40,5,1,29
BRDA:40,6,0,29
BRDA:40,6,1,0
BRDA:41,7,0,29
BRDA:41,7,1,0
BRDA:44,8,0,29
BRDA:44,8,1,0
BRDA:83,9,0,5079
BRDA:83,9,1,0
BRDA:83,9,2,0
BRDA:113,10,0,0
BRDA:113,10,1,0
BRDA:113,10,2,0
BRDA:113,10,3,0
BRDA:120,11,0,29
BRDA:120,11,1,0
BRDA:120,11,2,0
BRDA:130,12,0,5
BRDA:130,12,1,10
BRDA:142,13,0,0
BRDA:142,13,1,1406
BRF:33
BRH:17
end_of_record
TN:
SF:src\lib\attention.ts
FN:45,(anonymous_0)
FN:48,(anonymous_1)
FN:51,assess
FN:63,(anonymous_3)
FN:64,(anonymous_4)
FN:65,(anonymous_5)
FN:67,(anonymous_6)
FN:68,(anonymous_7)
FN:69,(anonymous_8)
FN:70,(anonymous_9)
FN:73,(anonymous_10)
FN:74,(anonymous_11)
FN:84,(anonymous_12)
FN:90,(anonymous_13)
FN:91,(anonymous_14)
FN:98,(anonymous_15)
FN:99,(anonymous_16)
FN:105,(anonymous_17)
FN:106,(anonymous_18)
FN:112,(anonymous_19)
FN:113,(anonymous_20)
FN:117,(anonymous_21)
FNF:22
FNH:22
FNDA:25,(anonymous_0)
FNDA:2,(anonymous_1)
FNDA:10,assess
FNDA:5,(anonymous_3)
FNDA:3,(anonymous_4)
FNDA:3,(anonymous_5)
FNDA:5,(anonymous_6)
FNDA:9,(anonymous_7)
FNDA:9,(anonymous_8)
FNDA:9,(anonymous_9)
FNDA:5,(anonymous_10)
FNDA:5,(anonymous_11)
FNDA:2,(anonymous_12)
FNDA:2,(anonymous_13)
FNDA:2,(anonymous_14)
FNDA:5,(anonymous_15)
FNDA:5,(anonymous_16)
FNDA:4,(anonymous_17)
FNDA:4,(anonymous_18)
FNDA:1,(anonymous_19)
FNDA:1,(anonymous_20)
FNDA:50,(anonymous_21)
DA:12,2
DA:14,2
DA:45,2
DA:46,25
DA:48,2
DA:49,2
DA:63,10
DA:64,10
DA:65,10
DA:67,10
DA:68,10
DA:69,10
DA:70,10
DA:73,10
DA:74,10
DA:76,10
DA:84,2
DA:90,2
DA:91,2
DA:98,5
DA:99,5
DA:105,4
DA:106,4
DA:112,1
DA:113,1
DA:117,50
LF:26
LH:26
BRDA:45,0,0,25
BRDA:61,1,0,10
BRDA:67,2,0,5
BRDA:67,2,1,5
BRDA:68,3,0,9
BRDA:68,3,1,8
BRDA:69,4,0,9
BRDA:69,4,1,8
BRDA:70,5,0,9
BRDA:70,5,1,8
BRF:10
BRH:10
end_of_record
TN:
SF:src\lib\connections.ts
FN:35,buildConnections
FN:41,(anonymous_1)
FN:41,(anonymous_2)
FN:46,(anonymous_3)
FN:77,sortConnections
FN:78,(anonymous_5)
FN:86,toSlug
FN:104,absolutePath
FN:110,gatewayUrl
FN:114,curlFor
FN:146,probeGateway
FN:176,(anonymous_11)
FNF:12
FNH:10
FNDA:17,buildConnections
FNDA:51,(anonymous_1)
FNDA:48,(anonymous_2)
FNDA:20,(anonymous_3)
FNDA:2,sortConnections
FNDA:3,(anonymous_5)
FNDA:167,toSlug
FNDA:4,absolutePath
FNDA:167,gatewayUrl
FNDA:5,curlFor
FNDA:0,probeGateway
FNDA:0,(anonymous_11)
DA:41,51
DA:42,17
DA:43,17
DA:44,17
DA:46,17
DA:47,20
DA:48,20
DA:49,20
DA:53,20
DA:63,20
DA:78,2
DA:80,3
DA:87,167
DA:105,4
DA:106,4
DA:107,3
DA:111,167
DA:115,5
DA:116,5
DA:153,0
DA:154,0
DA:156,0
DA:157,0
DA:164,0
DA:167,0
DA:168,0
DA:169,0
DA:170,0
DA:172,0
DA:173,0
DA:176,0
DA:177,0
LF:32
LH:19
BRDA:53,0,0,2
BRDA:53,0,1,18
BRDA:55,1,0,2
BRDA:55,1,1,16
BRDA:55,2,0,18
BRDA:55,2,1,16
BRDA:57,3,0,2
BRDA:57,3,1,14
BRDA:57,4,0,16
BRDA:57,4,1,13
BRDA:59,5,0,2
BRDA:59,5,1,12
BRDA:59,6,0,14
BRDA:59,6,1,12
BRDA:69,7,0,17
BRDA:69,7,1,3
BRDA:80,8,0,3
BRDA:80,8,1,1
BRDA:106,9,0,1
BRDA:106,9,1,3
BRDA:107,10,0,1
BRDA:107,10,1,2
BRDA:110,11,0,167
BRDA:115,12,0,4
BRDA:115,12,1,1
BRDA:151,13,0,0
BRDA:154,14,0,0
BRDA:154,14,1,0
BRDA:168,15,0,0
BRDA:168,15,1,0
BRDA:169,16,0,0
BRDA:169,16,1,0
BRDA:170,17,0,0
BRDA:170,17,1,0
BRDA:172,18,0,0
BRDA:172,18,1,0
BRDA:172,19,0,0
BRDA:172,19,1,0
BRDA:180,20,0,0
BRDA:180,20,1,0
BRF:40
BRH:25
end_of_record
TN:
SF:src\lib\errors.ts
FN:12,useErrorMessage
FN:14,(anonymous_1)
FN:28,(anonymous_2)
FNF:3
FNH:2
FNDA:434,useErrorMessage
FNDA:8,(anonymous_1)
FNDA:0,(anonymous_2)
DA:13,434
DA:14,434
DA:16,8
DA:17,8
DA:18,8
DA:19,6
DA:20,0
DA:22,0
DA:28,4
LF:9
LH:7
BRDA:16,0,0,8
BRDA:16,0,1,0
BRDA:17,1,0,0
BRDA:17,1,1,8
BRDA:18,2,0,2
BRDA:18,2,1,6
BRDA:19,3,0,6
BRDA:19,3,1,0
BRDA:22,4,0,0
BRDA:22,4,1,0
BRDA:22,5,0,0
BRDA:22,5,1,0
BRDA:28,6,0,0
BRDA:28,6,1,0
BRF:14
BRH:5
end_of_record
TN:
SF:src\lib\expiry.ts
FN:18,stageOf
FN:33,daysRemaining
FN:45,upcoming
FN:47,(anonymous_3)
FN:48,(anonymous_4)
FN:65,fromDateInput
FN:73,toDateInput
FN:77,(anonymous_7)
FNF:8
FNH:8
FNDA:16,stageOf
FNDA:4,daysRemaining
FNDA:3,upcoming
FNDA:7,(anonymous_3)
FNDA:4,(anonymous_4)
FNDA:9,fromDateInput
FNDA:6,toDateInput
FNDA:8,(anonymous_7)
DA:12,5
DA:13,5
DA:15,5
DA:19,16
DA:20,13
DA:21,13
DA:22,12
DA:23,9
DA:24,9
DA:25,5
DA:26,2
DA:34,4
DA:35,4
DA:46,3
DA:47,7
DA:48,4
DA:52,5
DA:66,9
DA:67,6
DA:68,6
DA:69,5
DA:74,6
DA:75,5
DA:76,5
DA:77,8
DA:78,4
LF:26
LH:26
BRDA:18,0,0,16
BRDA:19,1,0,3
BRDA:19,1,1,13
BRDA:21,2,0,1
BRDA:21,2,1,12
BRDA:22,3,0,3
BRDA:22,3,1,9
BRDA:24,4,0,4
BRDA:24,4,1,5
BRDA:25,5,0,3
BRDA:25,5,1,2
BRDA:33,6,0,4
BRDA:45,7,0,3
BRDA:47,8,0,7
BRDA:47,8,1,6
BRDA:66,9,0,3
BRDA:66,9,1,6
BRDA:68,10,0,1
BRDA:68,10,1,5
BRDA:68,11,0,6
BRDA:68,11,1,5
BRDA:68,11,2,5
BRDA:74,12,0,1
BRDA:74,12,1,5
BRDA:76,13,0,1
BRDA:76,13,1,4
BRF:26
BRH:26
end_of_record
